2018-08-01-11-04 [main] [org.springframework.boot.test.context.SpringBootTestContextBootstrapper] [INFO] - Neither @ContextConfiguration nor @ContextHierarchy found for test class [com.uat.automation.testcase.analytics.common.HomePageTest], using SpringBootContextLoader
  2018-08-01-11-04 [main] [org.springframework.test.context.support.AbstractContextLoader] [INFO] - Could not detect default resource locations for test class [com.uat.automation.testcase.analytics.common.HomePageTest]: no resource found for suffixes {-context.xml, Context.groovy}.
  2018-08-01-11-04 [main] [org.springframework.test.context.support.AnnotationConfigContextLoaderUtils] [INFO] - Could not detect default configuration classes for test class [com.uat.automation.testcase.analytics.common.HomePageTest]: HomePageTest does not declare any static, non-private, non-final, nested classes annotated with @Configuration.
  2018-08-01-11-04 [main] [org.springframework.boot.test.context.SpringBootTestContextBootstrapper] [INFO] - Found @SpringBootConfiguration com.uat.automation.AutomationApplication for test class com.uat.automation.testcase.analytics.common.HomePageTest
  2018-08-01-11-04 [main] [org.springframework.boot.test.context.SpringBootTestContextBootstrapper] [INFO] - Using TestExecutionListeners: [org.springframework.test.context.support.DirtiesContextBeforeModesTestExecutionListener@1d296da, org.springframework.test.context.support.DependencyInjectionTestExecutionListener@7c7a06ec, org.springframework.test.context.support.DirtiesContextTestExecutionListener@75d4a5c2]
  2018-08-01-11-04 [main] [org.springframework.boot.test.context.SpringBootTestContextBootstrapper] [INFO] - Neither @ContextConfiguration nor @ContextHierarchy found for test class [com.uat.automation.testcase.analytics.common.PatentsListPageTest], using SpringBootContextLoader
  2018-08-01-11-04 [main] [org.springframework.test.context.support.AbstractContextLoader] [INFO] - Could not detect default resource locations for test class [com.uat.automation.testcase.analytics.common.PatentsListPageTest]: no resource found for suffixes {-context.xml, Context.groovy}.
  2018-08-01-11-04 [main] [org.springframework.test.context.support.AnnotationConfigContextLoaderUtils] [INFO] - Could not detect default configuration classes for test class [com.uat.automation.testcase.analytics.common.PatentsListPageTest]: PatentsListPageTest does not declare any static, non-private, non-final, nested classes annotated with @Configuration.
  2018-08-01-11-04 [main] [org.springframework.boot.test.context.SpringBootTestContextBootstrapper] [INFO] - Found @SpringBootConfiguration com.uat.automation.AutomationApplication for test class com.uat.automation.testcase.analytics.common.PatentsListPageTest
  2018-08-01-11-04 [main] [org.springframework.boot.test.context.SpringBootTestContextBootstrapper] [INFO] - Using TestExecutionListeners: [org.springframework.test.context.support.DirtiesContextBeforeModesTestExecutionListener@6743e411, org.springframework.test.context.support.DependencyInjectionTestExecutionListener@3eb25e1a, org.springframework.test.context.support.DirtiesContextTestExecutionListener@477b4cdf]
  2018-08-01-11-04 [main] [com.uat.automation.testcase.analytics.common.HomePageTest] [INFO] - Starting HomePageTest on DESKTOP-94LVFNN with PID 6644 (F:\workspace\automation\target\test-classes started by pc in F:\workspace\automation)
  2018-08-01-11-04 [main] [com.uat.automation.testcase.analytics.common.HomePageTest] [INFO] - No active profile set, falling back to default profiles: default
  2018-08-01-11-04 [main] [org.springframework.context.annotation.AnnotationConfigApplicationContext] [INFO] - Refreshing org.springframework.context.annotation.AnnotationConfigApplicationContext@72cc7e6f: startup date [Wed Aug 01 11:04:21 CST 2018]; root of context hierarchy
  2018-08-01-11-04 [main] [com.uat.automation.testcase.analytics.common.HomePageTest] [INFO] - Started HomePageTest in 2.509 seconds (JVM running for 7.437)
  2018-08-01-11-04 [main] [com.uat.automation.testcase.TestBase] [INFO] - 初始化浏览器
  2018-08-01-11-04 [main] [com.uat.automation.testcase.TestBase] [INFO] - 启动chrome浏览器
  2018-08-01-11-04 [main] [com.uat.automation.business.LoginBusiness] [INFO] - wangqiang@patsnap.com,welcome to PatSnap
  2018-08-01-11-04 [main] [com.uat.automation.testcase.TestBase] [INFO] - 初始化浏览器
  2018-08-01-11-04 [main] [com.uat.automation.testcase.TestBase] [INFO] - 启动chrome浏览器
  2018-08-01-11-04 [main] [com.uat.automation.business.LoginBusiness] [INFO] - wangqiang@patsnap.com,welcome to PatSnap
  2018-08-01-11-04 [main] [com.uat.automation.business.HomeBusiness] [INFO] - click learn video
  2018-08-01-11-04 [main] [com.uat.automation.business.HomeBusiness] [INFO] - search patent by pn：US5686838
  2018-08-01-11-04 [main] [com.uat.automation.business.HomeBusiness] [INFO] - search patent by pn：US5686838
  2018-08-01-11-04 [main] [com.uat.automation.business.PatentsListBusiness] [INFO] - select the filter : IPC分类
  2018-08-01-11-04 [main] [com.uat.automation.business.PatentsListBusiness] [INFO] - select the filter : CPC分类
  2018-08-01-11-04 [main] [com.uat.automation.business.PatentsListBusiness] [INFO] - do filter
  2018-08-01-11-05 [main] [com.uat.automation.common.TestngRetry] [INFO] - running retry forexportPatent on classcom.uat.automation.common.TestngRetryRetrying 1 times
  2018-08-01-11-05 [main] [com.uat.automation.common.TestngRetry] [INFO] - running retry forexportPatent on classcom.uat.automation.common.TestngRetryRetrying 2 times
  2018-08-01-11-05 [main] [com.uat.automation.business.PatentsListBusiness] [INFO] - created new workspace : 1533092722970
  2018-08-01-11-06 [main] [com.uat.automation.common.MethodListener] [INFO] - PassedTests = createWorkspace
  2018-08-01-11-06 [main] [com.uat.automation.common.MethodListener] [INFO] - PassedTests = copyQuery
  2018-08-01-11-06 [main] [com.uat.automation.common.MethodListener] [INFO] - PassedTests = login
  2018-08-01-11-06 [main] [com.uat.automation.common.MethodListener] [INFO] - PassedTests = searchPatent
  2018-08-01-11-06 [main] [com.uat.automation.common.MethodListener] [INFO] - PassedTests = saveQuery
  2018-08-01-11-06 [main] [com.uat.automation.common.MethodListener] [INFO] - PassedTests = clickLearnVideo
  2018-08-01-11-06 [main] [com.uat.automation.common.MethodListener] [INFO] - PassedTests = searchPatent
  2018-08-01-11-06 [main] [com.uat.automation.common.MethodListener] [INFO] - PassedTests = applyFilter
  2018-08-01-11-06 [main] [com.uat.automation.common.MethodListener] [INFO] - PassedTests = login
  2018-08-01-11-06 [main] [com.uat.automation.common.MethodListener] [INFO] - PassedTests = saveToWorkspace
  2018-08-01-11-06 [main] [com.uat.automation.common.MethodListener] [INFO] - failedTest = exportPatent
  2018-08-01-11-06 [Thread-2] [org.springframework.context.annotation.AnnotationConfigApplicationContext] [INFO] - Closing org.springframework.context.annotation.AnnotationConfigApplicationContext@72cc7e6f: startup date [Wed Aug 01 11:04:21 CST 2018]; root of context hierarchy
  2018-08-01-11-15 [main] [org.springframework.boot.test.context.SpringBootTestContextBootstrapper] [INFO] - Neither @ContextConfiguration nor @ContextHierarchy found for test class [com.uat.automation.testcase.analytics.common.HomePageTest], using SpringBootContextLoader
  2018-08-01-11-15 [main] [org.springframework.test.context.support.AbstractContextLoader] [INFO] - Could not detect default resource locations for test class [com.uat.automation.testcase.analytics.common.HomePageTest]: no resource found for suffixes {-context.xml, Context.groovy}.
  2018-08-01-11-15 [main] [org.springframework.test.context.support.AnnotationConfigContextLoaderUtils] [INFO] - Could not detect default configuration classes for test class [com.uat.automation.testcase.analytics.common.HomePageTest]: HomePageTest does not declare any static, non-private, non-final, nested classes annotated with @Configuration.
  2018-08-01-11-15 [main] [org.springframework.boot.test.context.SpringBootTestContextBootstrapper] [INFO] - Found @SpringBootConfiguration com.uat.automation.AutomationApplication for test class com.uat.automation.testcase.analytics.common.HomePageTest
  2018-08-01-11-15 [main] [org.springframework.boot.test.context.SpringBootTestContextBootstrapper] [INFO] - Using TestExecutionListeners: [org.springframework.test.context.support.DirtiesContextBeforeModesTestExecutionListener@1d296da, org.springframework.test.context.support.DependencyInjectionTestExecutionListener@7c7a06ec, org.springframework.test.context.support.DirtiesContextTestExecutionListener@75d4a5c2]
  2018-08-01-11-15 [main] [org.springframework.boot.test.context.SpringBootTestContextBootstrapper] [INFO] - Neither @ContextConfiguration nor @ContextHierarchy found for test class [com.uat.automation.testcase.analytics.common.PatentsListPageTest], using SpringBootContextLoader
  2018-08-01-11-15 [main] [org.springframework.test.context.support.AbstractContextLoader] [INFO] - Could not detect default resource locations for test class [com.uat.automation.testcase.analytics.common.PatentsListPageTest]: no resource found for suffixes {-context.xml, Context.groovy}.
  2018-08-01-11-15 [main] [org.springframework.test.context.support.AnnotationConfigContextLoaderUtils] [INFO] - Could not detect default configuration classes for test class [com.uat.automation.testcase.analytics.common.PatentsListPageTest]: PatentsListPageTest does not declare any static, non-private, non-final, nested classes annotated with @Configuration.
  2018-08-01-11-15 [main] [org.springframework.boot.test.context.SpringBootTestContextBootstrapper] [INFO] - Found @SpringBootConfiguration com.uat.automation.AutomationApplication for test class com.uat.automation.testcase.analytics.common.PatentsListPageTest
  2018-08-01-11-15 [main] [org.springframework.boot.test.context.SpringBootTestContextBootstrapper] [INFO] - Using TestExecutionListeners: [org.springframework.test.context.support.DirtiesContextBeforeModesTestExecutionListener@6743e411, org.springframework.test.context.support.DependencyInjectionTestExecutionListener@3eb25e1a, org.springframework.test.context.support.DirtiesContextTestExecutionListener@477b4cdf]
  2018-08-01-11-15 [main] [com.uat.automation.testcase.analytics.common.HomePageTest] [INFO] - Starting HomePageTest on DESKTOP-94LVFNN with PID 9172 (F:\workspace\automation\target\test-classes started by pc in F:\workspace\automation)
  2018-08-01-11-15 [main] [com.uat.automation.testcase.analytics.common.HomePageTest] [INFO] - No active profile set, falling back to default profiles: default
  2018-08-01-11-15 [main] [org.springframework.context.annotation.AnnotationConfigApplicationContext] [INFO] - Refreshing org.springframework.context.annotation.AnnotationConfigApplicationContext@72cc7e6f: startup date [Wed Aug 01 11:15:09 CST 2018]; root of context hierarchy
  2018-08-01-11-15 [main] [com.uat.automation.testcase.analytics.common.HomePageTest] [INFO] - Started HomePageTest in 1.901 seconds (JVM running for 4.745)
  2018-08-01-11-15 [main] [com.uat.automation.testcase.TestBase] [INFO] - 初始化浏览器
  2018-08-01-11-15 [main] [com.uat.automation.testcase.TestBase] [INFO] - 启动chrome浏览器
  2018-08-01-11-15 [main] [com.uat.automation.business.LoginBusiness] [INFO] - wangqiang@patsnap.com,welcome to PatSnap
  2018-08-01-11-15 [main] [com.uat.automation.testcase.TestBase] [INFO] - 初始化浏览器
  2018-08-01-11-15 [main] [com.uat.automation.testcase.TestBase] [INFO] - 启动chrome浏览器
  2018-08-01-11-15 [main] [com.uat.automation.business.LoginBusiness] [INFO] - wangqiang@patsnap.com,welcome to PatSnap
  2018-08-01-11-15 [main] [com.uat.automation.business.HomeBusiness] [INFO] - click learn video
  2018-08-01-11-15 [main] [com.uat.automation.business.HomeBusiness] [INFO] - search patent by pn：US5686838
  2018-08-01-11-15 [main] [com.uat.automation.business.HomeBusiness] [INFO] - search patent by pn：US5686838
  2018-08-01-11-15 [main] [com.uat.automation.business.PatentsListBusiness] [INFO] - select the filter : CPC分类
  2018-08-01-11-15 [main] [com.uat.automation.business.PatentsListBusiness] [INFO] - select the filter : IPC分类
  2018-08-01-11-15 [main] [com.uat.automation.business.PatentsListBusiness] [INFO] - do filter
  2018-08-01-11-15 [main] [com.uat.automation.common.TestngRetry] [INFO] - running retry forexportPatent on classcom.uat.automation.common.TestngRetryRetrying 1 times
  2018-08-01-11-16 [main] [com.uat.automation.common.TestngRetry] [INFO] - running retry forexportPatent on classcom.uat.automation.common.TestngRetryRetrying 2 times
  2018-08-01-11-16 [main] [com.uat.automation.business.PatentsListBusiness] [INFO] - created new workspace : 1533093369136
  2018-08-01-11-16 [main] [com.uat.automation.common.MethodListener] [INFO] - PassedTests = login
  2018-08-01-11-16 [main] [com.uat.automation.common.MethodListener] [INFO] - PassedTests = applyFilter
  2018-08-01-11-16 [main] [com.uat.automation.common.MethodListener] [INFO] - PassedTests = copyQuery
  2018-08-01-11-16 [main] [com.uat.automation.common.MethodListener] [INFO] - PassedTests = createWorkspace
  2018-08-01-11-16 [main] [com.uat.automation.common.MethodListener] [INFO] - PassedTests = searchPatent
  2018-08-01-11-16 [main] [com.uat.automation.common.MethodListener] [INFO] - PassedTests = searchPatent
  2018-08-01-11-16 [main] [com.uat.automation.common.MethodListener] [INFO] - PassedTests = login
  2018-08-01-11-16 [main] [com.uat.automation.common.MethodListener] [INFO] - PassedTests = saveToWorkspace
  2018-08-01-11-16 [main] [com.uat.automation.common.MethodListener] [INFO] - PassedTests = saveQuery
  2018-08-01-11-16 [main] [com.uat.automation.common.MethodListener] [INFO] - PassedTests = clickLearnVideo
  2018-08-01-11-16 [main] [com.uat.automation.common.MethodListener] [INFO] - failedTest = exportPatent
  2018-08-01-11-16 [Thread-2] [org.springframework.context.annotation.AnnotationConfigApplicationContext] [INFO] - Closing org.springframework.context.annotation.AnnotationConfigApplicationContext@72cc7e6f: startup date [Wed Aug 01 11:15:09 CST 2018]; root of context hierarchy
  2018-08-01-11-21 [main] [org.springframework.boot.test.context.SpringBootTestContextBootstrapper] [INFO] - Neither @ContextConfiguration nor @ContextHierarchy found for test class [com.uat.automation.testcase.analytics.common.HomePageTest], using SpringBootContextLoader
  2018-08-01-11-21 [main] [org.springframework.test.context.support.AbstractContextLoader] [INFO] - Could not detect default resource locations for test class [com.uat.automation.testcase.analytics.common.HomePageTest]: no resource found for suffixes {-context.xml, Context.groovy}.
  2018-08-01-11-21 [main] [org.springframework.test.context.support.AnnotationConfigContextLoaderUtils] [INFO] - Could not detect default configuration classes for test class [com.uat.automation.testcase.analytics.common.HomePageTest]: HomePageTest does not declare any static, non-private, non-final, nested classes annotated with @Configuration.
  2018-08-01-11-21 [main] [org.springframework.boot.test.context.SpringBootTestContextBootstrapper] [INFO] - Found @SpringBootConfiguration com.uat.automation.AutomationApplication for test class com.uat.automation.testcase.analytics.common.HomePageTest
  2018-08-01-11-21 [main] [org.springframework.boot.test.context.SpringBootTestContextBootstrapper] [INFO] - Using TestExecutionListeners: [org.springframework.test.context.support.DirtiesContextBeforeModesTestExecutionListener@4b40f651, org.springframework.test.context.support.DependencyInjectionTestExecutionListener@42b02722, org.springframework.test.context.support.DirtiesContextTestExecutionListener@d62fe5b]
  2018-08-01-11-21 [main] [org.springframework.boot.test.context.SpringBootTestContextBootstrapper] [INFO] - Neither @ContextConfiguration nor @ContextHierarchy found for test class [com.uat.automation.testcase.analytics.common.PatentsListPageTest], using SpringBootContextLoader
  2018-08-01-11-21 [main] [org.springframework.test.context.support.AbstractContextLoader] [INFO] - Could not detect default resource locations for test class [com.uat.automation.testcase.analytics.common.PatentsListPageTest]: no resource found for suffixes {-context.xml, Context.groovy}.
  2018-08-01-11-21 [main] [org.springframework.test.context.support.AnnotationConfigContextLoaderUtils] [INFO] - Could not detect default configuration classes for test class [com.uat.automation.testcase.analytics.common.PatentsListPageTest]: PatentsListPageTest does not declare any static, non-private, non-final, nested classes annotated with @Configuration.
  2018-08-01-11-21 [main] [org.springframework.boot.test.context.SpringBootTestContextBootstrapper] [INFO] - Found @SpringBootConfiguration com.uat.automation.AutomationApplication for test class com.uat.automation.testcase.analytics.common.PatentsListPageTest
  2018-08-01-11-21 [main] [org.springframework.boot.test.context.SpringBootTestContextBootstrapper] [INFO] - Using TestExecutionListeners: [org.springframework.test.context.support.DirtiesContextBeforeModesTestExecutionListener@e19bb76, org.springframework.test.context.support.DependencyInjectionTestExecutionListener@512535ff, org.springframework.test.context.support.DirtiesContextTestExecutionListener@71529963]
  2018-08-01-11-21 [main] [com.uat.automation.testcase.analytics.common.HomePageTest] [INFO] - Starting HomePageTest on DESKTOP-94LVFNN with PID 9392 (F:\workspace\automation\target\test-classes started by pc in F:\workspace\automation)
  2018-08-01-11-21 [main] [com.uat.automation.testcase.analytics.common.HomePageTest] [INFO] - No active profile set, falling back to default profiles: default
  2018-08-01-11-21 [main] [org.springframework.context.annotation.AnnotationConfigApplicationContext] [INFO] - Refreshing org.springframework.context.annotation.AnnotationConfigApplicationContext@32f0fba8: startup date [Wed Aug 01 11:21:43 CST 2018]; root of context hierarchy
  2018-08-01-11-21 [main] [com.uat.automation.testcase.analytics.common.HomePageTest] [INFO] - Started HomePageTest in 2.596 seconds (JVM running for 8.547)
  2018-08-01-11-21 [main] [com.uat.automation.testcase.TestBase] [INFO] - 初始化浏览器
  2018-08-01-11-21 [main] [com.uat.automation.testcase.TestBase] [INFO] - 启动chrome浏览器
  2018-08-01-11-21 [main] [com.uat.automation.business.LoginBusiness] [INFO] - wangqiang@patsnap.com,welcome to PatSnap
  2018-08-01-11-21 [main] [com.uat.automation.testcase.TestBase] [INFO] - 初始化浏览器
  2018-08-01-11-22 [main] [com.uat.automation.testcase.TestBase] [INFO] - 启动chrome浏览器
  2018-08-01-11-22 [main] [com.uat.automation.business.LoginBusiness] [INFO] - wangqiang@patsnap.com,welcome to PatSnap
  2018-08-01-11-22 [main] [com.uat.automation.business.HomeBusiness] [INFO] - click learn video
  2018-08-01-11-22 [main] [com.uat.automation.business.HomeBusiness] [INFO] - search patent by pn：US5686838
  2018-08-01-11-22 [main] [com.uat.automation.business.HomeBusiness] [INFO] - search patent by pn：US5686838
  2018-08-01-11-23 [main] [com.uat.automation.business.PatentsListBusiness] [INFO] - select the filter : CPC分类
  2018-08-01-11-23 [main] [com.uat.automation.business.PatentsListBusiness] [INFO] - select the filter : IPC分类
  2018-08-01-11-23 [main] [com.uat.automation.business.PatentsListBusiness] [INFO] - do filter
  2018-08-01-11-23 [main] [com.uat.automation.common.TestngRetry] [INFO] - running retry forexportPatent on classcom.uat.automation.common.TestngRetryRetrying 1 times
  2018-08-01-11-24 [main] [com.uat.automation.common.TestngRetry] [INFO] - running retry forexportPatent on classcom.uat.automation.common.TestngRetryRetrying 2 times
  2018-08-01-11-24 [main] [com.uat.automation.business.PatentsListBusiness] [INFO] - created new workspace : 1533093870294
  2018-08-01-11-24 [main] [com.uat.automation.common.TestngRetry] [INFO] - running retry forsaveToWorkspace on classcom.uat.automation.common.TestngRetryRetrying 1 times
  2018-08-01-11-24 [main] [com.uat.automation.common.TestngRetry] [INFO] - running retry forsaveToWorkspace on classcom.uat.automation.common.TestngRetryRetrying 2 times
  2018-08-01-11-24 [main] [com.uat.automation.common.MethodListener] [INFO] - PassedTests = login
  2018-08-01-11-24 [main] [com.uat.automation.common.MethodListener] [INFO] - PassedTests = searchPatent
  2018-08-01-11-24 [main] [com.uat.automation.common.MethodListener] [INFO] - PassedTests = searchPatent
  2018-08-01-11-24 [main] [com.uat.automation.common.MethodListener] [INFO] - PassedTests = saveQuery
  2018-08-01-11-24 [main] [com.uat.automation.common.MethodListener] [INFO] - PassedTests = login
  2018-08-01-11-24 [main] [com.uat.automation.common.MethodListener] [INFO] - PassedTests = applyFilter
  2018-08-01-11-24 [main] [com.uat.automation.common.MethodListener] [INFO] - PassedTests = clickLearnVideo
  2018-08-01-11-24 [main] [com.uat.automation.common.MethodListener] [INFO] - PassedTests = copyQuery
  2018-08-01-11-24 [main] [com.uat.automation.common.MethodListener] [INFO] - PassedTests = createWorkspace
  2018-08-01-11-24 [main] [com.uat.automation.common.MethodListener] [INFO] - failedTest = exportPatent
  2018-08-01-11-24 [main] [com.uat.automation.common.MethodListener] [INFO] - failedTest = saveToWorkspace
  2018-08-01-11-24 [Thread-2] [org.springframework.context.annotation.AnnotationConfigApplicationContext] [INFO] - Closing org.springframework.context.annotation.AnnotationConfigApplicationContext@32f0fba8: startup date [Wed Aug 01 11:21:43 CST 2018]; root of context hierarchy
  2018-08-01-11-32 [main] [org.springframework.boot.test.context.SpringBootTestContextBootstrapper] [INFO] - Neither @ContextConfiguration nor @ContextHierarchy found for test class [com.uat.automation.testcase.analytics.common.HomePageTest], using SpringBootContextLoader
  2018-08-01-11-32 [main] [org.springframework.test.context.support.AbstractContextLoader] [INFO] - Could not detect default resource locations for test class [com.uat.automation.testcase.analytics.common.HomePageTest]: no resource found for suffixes {-context.xml, Context.groovy}.
  2018-08-01-11-32 [main] [org.springframework.test.context.support.AnnotationConfigContextLoaderUtils] [INFO] - Could not detect default configuration classes for test class [com.uat.automation.testcase.analytics.common.HomePageTest]: HomePageTest does not declare any static, non-private, non-final, nested classes annotated with @Configuration.
  2018-08-01-11-32 [main] [org.springframework.boot.test.context.SpringBootTestContextBootstrapper] [INFO] - Found @SpringBootConfiguration com.uat.automation.AutomationApplication for test class com.uat.automation.testcase.analytics.common.HomePageTest
  2018-08-01-11-32 [main] [org.springframework.boot.test.context.SpringBootTestContextBootstrapper] [INFO] - Using TestExecutionListeners: [org.springframework.test.context.support.DirtiesContextBeforeModesTestExecutionListener@4b40f651, org.springframework.test.context.support.DependencyInjectionTestExecutionListener@42b02722, org.springframework.test.context.support.DirtiesContextTestExecutionListener@d62fe5b]
  2018-08-01-11-32 [main] [org.springframework.boot.test.context.SpringBootTestContextBootstrapper] [INFO] - Neither @ContextConfiguration nor @ContextHierarchy found for test class [com.uat.automation.testcase.analytics.common.PatentsListPageTest], using SpringBootContextLoader
  2018-08-01-11-32 [main] [org.springframework.test.context.support.AbstractContextLoader] [INFO] - Could not detect default resource locations for test class [com.uat.automation.testcase.analytics.common.PatentsListPageTest]: no resource found for suffixes {-context.xml, Context.groovy}.
  2018-08-01-11-32 [main] [org.springframework.test.context.support.AnnotationConfigContextLoaderUtils] [INFO] - Could not detect default configuration classes for test class [com.uat.automation.testcase.analytics.common.PatentsListPageTest]: PatentsListPageTest does not declare any static, non-private, non-final, nested classes annotated with @Configuration.
  2018-08-01-11-32 [main] [org.springframework.boot.test.context.SpringBootTestContextBootstrapper] [INFO] - Found @SpringBootConfiguration com.uat.automation.AutomationApplication for test class com.uat.automation.testcase.analytics.common.PatentsListPageTest
  2018-08-01-11-32 [main] [org.springframework.boot.test.context.SpringBootTestContextBootstrapper] [INFO] - Using TestExecutionListeners: [org.springframework.test.context.support.DirtiesContextBeforeModesTestExecutionListener@e19bb76, org.springframework.test.context.support.DependencyInjectionTestExecutionListener@512535ff, org.springframework.test.context.support.DirtiesContextTestExecutionListener@71529963]
  2018-08-01-11-32 [main] [com.uat.automation.testcase.analytics.common.HomePageTest] [INFO] - Starting HomePageTest on DESKTOP-94LVFNN with PID 6260 (F:\workspace\automation\target\test-classes started by pc in F:\workspace\automation)
  2018-08-01-11-32 [main] [com.uat.automation.testcase.analytics.common.HomePageTest] [INFO] - No active profile set, falling back to default profiles: default
  2018-08-01-11-32 [main] [org.springframework.context.annotation.AnnotationConfigApplicationContext] [INFO] - Refreshing org.springframework.context.annotation.AnnotationConfigApplicationContext@32f0fba8: startup date [Wed Aug 01 11:32:33 CST 2018]; root of context hierarchy
  2018-08-01-11-32 [main] [com.uat.automation.testcase.analytics.common.HomePageTest] [INFO] - Started HomePageTest in 2.782 seconds (JVM running for 7.93)
  2018-08-01-11-32 [main] [com.uat.automation.testcase.TestBase] [INFO] - 初始化浏览器
  2018-08-01-11-32 [main] [com.uat.automation.testcase.TestBase] [INFO] - 启动chrome浏览器
  2018-08-01-11-32 [main] [com.uat.automation.business.LoginBusiness] [INFO] - wangqiang@patsnap.com,welcome to PatSnap
  2018-08-01-11-32 [main] [com.uat.automation.testcase.TestBase] [INFO] - 初始化浏览器
  2018-08-01-11-32 [main] [com.uat.automation.testcase.TestBase] [INFO] - 启动chrome浏览器
  2018-08-01-11-32 [main] [com.uat.automation.business.LoginBusiness] [INFO] - wangqiang@patsnap.com,welcome to PatSnap
  2018-08-01-11-32 [main] [com.uat.automation.business.HomeBusiness] [INFO] - click learn video
  2018-08-01-11-32 [main] [com.uat.automation.business.HomeBusiness] [INFO] - search patent by pn：US5686838
  2018-08-01-11-33 [main] [com.uat.automation.business.HomeBusiness] [INFO] - search patent by pn：US5686838
  2018-08-01-11-33 [main] [com.uat.automation.business.PatentsListBusiness] [INFO] - select the filter : CPC分类
  2018-08-01-11-33 [main] [com.uat.automation.business.PatentsListBusiness] [INFO] - select the filter : IPC分类
  2018-08-01-11-33 [main] [com.uat.automation.business.PatentsListBusiness] [INFO] - do filter
  2018-08-01-11-33 [main] [com.uat.automation.common.TestngRetry] [INFO] - running retry forexportPatent on classcom.uat.automation.common.TestngRetryRetrying 1 times
  2018-08-01-11-33 [main] [com.uat.automation.common.TestngRetry] [INFO] - running retry forexportPatent on classcom.uat.automation.common.TestngRetryRetrying 2 times
  2018-08-01-11-33 [main] [com.uat.automation.business.PatentsListBusiness] [INFO] - created new workspace : 1533094416541
  2018-08-01-11-34 [main] [com.uat.automation.common.MethodListener] [INFO] - PassedTests = saveQuery
  2018-08-01-11-34 [main] [com.uat.automation.common.MethodListener] [INFO] - PassedTests = createWorkspace
  2018-08-01-11-34 [main] [com.uat.automation.common.MethodListener] [INFO] - PassedTests = applyFilter
  2018-08-01-11-34 [main] [com.uat.automation.common.MethodListener] [INFO] - PassedTests = copyQuery
  2018-08-01-11-34 [main] [com.uat.automation.common.MethodListener] [INFO] - PassedTests = login
  2018-08-01-11-34 [main] [com.uat.automation.common.MethodListener] [INFO] - PassedTests = clickLearnVideo
  2018-08-01-11-34 [main] [com.uat.automation.common.MethodListener] [INFO] - PassedTests = searchPatent
  2018-08-01-11-34 [main] [com.uat.automation.common.MethodListener] [INFO] - PassedTests = searchPatent
  2018-08-01-11-34 [main] [com.uat.automation.common.MethodListener] [INFO] - PassedTests = login
  2018-08-01-11-34 [main] [com.uat.automation.common.MethodListener] [INFO] - PassedTests = saveToWorkspace
  2018-08-01-11-34 [main] [com.uat.automation.common.MethodListener] [INFO] - failedTest = exportPatent
  2018-08-01-11-34 [Thread-2] [org.springframework.context.annotation.AnnotationConfigApplicationContext] [INFO] - Closing org.springframework.context.annotation.AnnotationConfigApplicationContext@32f0fba8: startup date [Wed Aug 01 11:32:33 CST 2018]; root of context hierarchy
  2018-08-01-11-37 [main] [org.springframework.boot.test.context.SpringBootTestContextBootstrapper] [INFO] - Neither @ContextConfiguration nor @ContextHierarchy found for test class [com.uat.automation.testcase.analytics.common.PatentsListPageTest], using SpringBootContextLoader
  2018-08-01-11-37 [main] [org.springframework.test.context.support.AbstractContextLoader] [INFO] - Could not detect default resource locations for test class [com.uat.automation.testcase.analytics.common.PatentsListPageTest]: no resource found for suffixes {-context.xml, Context.groovy}.
  2018-08-01-11-37 [main] [org.springframework.test.context.support.AnnotationConfigContextLoaderUtils] [INFO] - Could not detect default configuration classes for test class [com.uat.automation.testcase.analytics.common.PatentsListPageTest]: PatentsListPageTest does not declare any static, non-private, non-final, nested classes annotated with @Configuration.
  2018-08-01-11-37 [main] [org.springframework.boot.test.context.SpringBootTestContextBootstrapper] [INFO] - Found @SpringBootConfiguration com.uat.automation.AutomationApplication for test class com.uat.automation.testcase.analytics.common.PatentsListPageTest
  2018-08-01-11-37 [main] [org.springframework.boot.test.context.SpringBootTestContextBootstrapper] [INFO] - Using TestExecutionListeners: [org.springframework.test.context.support.DirtiesContextBeforeModesTestExecutionListener@6c6cb480, org.springframework.test.context.support.DependencyInjectionTestExecutionListener@3c46e67a, org.springframework.test.context.support.DirtiesContextTestExecutionListener@c730b35]
  2018-08-01-11-37 [main] [com.uat.automation.testcase.analytics.common.PatentsListPageTest] [INFO] - Starting PatentsListPageTest on DESKTOP-94LVFNN with PID 8424 (F:\workspace\automation\target\test-classes started by pc in F:\workspace\automation)
  2018-08-01-11-37 [main] [com.uat.automation.testcase.analytics.common.PatentsListPageTest] [INFO] - No active profile set, falling back to default profiles: default
  2018-08-01-11-37 [main] [org.springframework.context.annotation.AnnotationConfigApplicationContext] [INFO] - Refreshing org.springframework.context.annotation.AnnotationConfigApplicationContext@d737b89: startup date [Wed Aug 01 11:37:24 CST 2018]; root of context hierarchy
  2018-08-01-11-37 [main] [com.uat.automation.testcase.analytics.common.PatentsListPageTest] [INFO] - Started PatentsListPageTest in 2.489 seconds (JVM running for 6.434)
  2018-08-01-11-37 [main] [com.uat.automation.testcase.TestBase] [INFO] - 初始化浏览器
  2018-08-01-11-37 [main] [com.uat.automation.testcase.TestBase] [INFO] - 启动chrome浏览器
  2018-08-01-11-37 [main] [com.uat.automation.business.LoginBusiness] [INFO] - wangqiang@patsnap.com,welcome to PatSnap
  2018-08-01-11-37 [main] [com.uat.automation.business.HomeBusiness] [INFO] - search patent by pn：US5686838
  2018-08-01-11-37 [main] [com.uat.automation.business.PatentsListBusiness] [INFO] - select the filter : CPC分类
  2018-08-01-11-37 [main] [com.uat.automation.business.PatentsListBusiness] [INFO] - select the filter : IPC分类
  2018-08-01-11-37 [main] [com.uat.automation.business.PatentsListBusiness] [INFO] - do filter
  2018-08-01-11-38 [main] [com.uat.automation.business.PatentsListBusiness] [INFO] - created new workspace : 1533094678726
  2018-08-01-11-38 [Thread-2] [org.springframework.context.annotation.AnnotationConfigApplicationContext] [INFO] - Closing org.springframework.context.annotation.AnnotationConfigApplicationContext@d737b89: startup date [Wed Aug 01 11:37:24 CST 2018]; root of context hierarchy
  2018-08-01-11-42 [main] [org.springframework.boot.test.context.SpringBootTestContextBootstrapper] [INFO] - Neither @ContextConfiguration nor @ContextHierarchy found for test class [com.uat.automation.testcase.analytics.common.PatentsListPageTest], using SpringBootContextLoader
  2018-08-01-11-42 [main] [org.springframework.test.context.support.AbstractContextLoader] [INFO] - Could not detect default resource locations for test class [com.uat.automation.testcase.analytics.common.PatentsListPageTest]: no resource found for suffixes {-context.xml, Context.groovy}.
  2018-08-01-11-42 [main] [org.springframework.test.context.support.AnnotationConfigContextLoaderUtils] [INFO] - Could not detect default configuration classes for test class [com.uat.automation.testcase.analytics.common.PatentsListPageTest]: PatentsListPageTest does not declare any static, non-private, non-final, nested classes annotated with @Configuration.
  2018-08-01-11-42 [main] [org.springframework.boot.test.context.SpringBootTestContextBootstrapper] [INFO] - Found @SpringBootConfiguration com.uat.automation.AutomationApplication for test class com.uat.automation.testcase.analytics.common.PatentsListPageTest
  2018-08-01-11-42 [main] [org.springframework.boot.test.context.SpringBootTestContextBootstrapper] [INFO] - Using TestExecutionListeners: [org.springframework.test.context.support.DirtiesContextBeforeModesTestExecutionListener@42b02722, org.springframework.test.context.support.DependencyInjectionTestExecutionListener@d62fe5b, org.springframework.test.context.support.DirtiesContextTestExecutionListener@49964d75]
  2018-08-01-11-42 [main] [com.uat.automation.testcase.analytics.common.PatentsListPageTest] [INFO] - Starting PatentsListPageTest on DESKTOP-94LVFNN with PID 8336 (F:\workspace\automation\target\test-classes started by pc in F:\workspace\automation)
  2018-08-01-11-42 [main] [com.uat.automation.testcase.analytics.common.PatentsListPageTest] [INFO] - No active profile set, falling back to default profiles: default
  2018-08-01-11-42 [main] [org.springframework.context.annotation.AnnotationConfigApplicationContext] [INFO] - Refreshing org.springframework.context.annotation.AnnotationConfigApplicationContext@63192798: startup date [Wed Aug 01 11:42:10 CST 2018]; root of context hierarchy
  2018-08-01-11-42 [main] [com.uat.automation.testcase.analytics.common.PatentsListPageTest] [INFO] - Started PatentsListPageTest in 2.75 seconds (JVM running for 8.159)
  2018-08-01-11-42 [main] [com.uat.automation.testcase.TestBase] [INFO] - 初始化浏览器
  2018-08-01-11-42 [main] [com.uat.automation.testcase.TestBase] [INFO] - 启动chrome浏览器
  2018-08-01-11-42 [main] [com.uat.automation.business.LoginBusiness] [INFO] - wangqiang@patsnap.com,welcome to PatSnap
  2018-08-01-11-42 [main] [com.uat.automation.business.HomeBusiness] [INFO] - search patent by pn：US5686838
  2018-08-01-11-42 [main] [com.uat.automation.business.PatentsListBusiness] [INFO] - select the filter : IPC分类
  2018-08-01-11-42 [main] [com.uat.automation.business.PatentsListBusiness] [INFO] - select the filter : CPC分类
  2018-08-01-11-42 [main] [com.uat.automation.business.PatentsListBusiness] [INFO] - do filter
  2018-08-01-11-43 [main] [com.uat.automation.business.PatentsListBusiness] [INFO] - created new workspace : 1533094971374
  2018-08-01-11-43 [main] [org.springframework.boot.test.context.SpringBootTestContextBootstrapper] [INFO] - Neither @ContextConfiguration nor @ContextHierarchy found for test class [com.uat.automation.testcase.analytics.common.PatentsListPageTest], using SpringBootContextLoader
  2018-08-01-11-43 [main] [org.springframework.test.context.support.AbstractContextLoader] [INFO] - Could not detect default resource locations for test class [com.uat.automation.testcase.analytics.common.PatentsListPageTest]: no resource found for suffixes {-context.xml, Context.groovy}.
  2018-08-01-11-43 [main] [org.springframework.test.context.support.AnnotationConfigContextLoaderUtils] [INFO] - Could not detect default configuration classes for test class [com.uat.automation.testcase.analytics.common.PatentsListPageTest]: PatentsListPageTest does not declare any static, non-private, non-final, nested classes annotated with @Configuration.
  2018-08-01-11-43 [main] [org.springframework.boot.test.context.SpringBootTestContextBootstrapper] [INFO] - Found @SpringBootConfiguration com.uat.automation.AutomationApplication for test class com.uat.automation.testcase.analytics.common.PatentsListPageTest
  2018-08-01-11-43 [main] [org.springframework.boot.test.context.SpringBootTestContextBootstrapper] [INFO] - Using TestExecutionListeners: [org.springframework.test.context.support.DirtiesContextBeforeModesTestExecutionListener@42b02722, org.springframework.test.context.support.DependencyInjectionTestExecutionListener@d62fe5b, org.springframework.test.context.support.DirtiesContextTestExecutionListener@49964d75]
  2018-08-01-11-43 [main] [com.uat.automation.testcase.analytics.common.PatentsListPageTest] [INFO] - Starting PatentsListPageTest on DESKTOP-94LVFNN with PID 9292 (F:\workspace\automation\target\test-classes started by pc in F:\workspace\automation)
  2018-08-01-11-43 [main] [com.uat.automation.testcase.analytics.common.PatentsListPageTest] [INFO] - No active profile set, falling back to default profiles: default
  2018-08-01-11-43 [main] [org.springframework.context.annotation.AnnotationConfigApplicationContext] [INFO] - Refreshing org.springframework.context.annotation.AnnotationConfigApplicationContext@63192798: startup date [Wed Aug 01 11:43:43 CST 2018]; root of context hierarchy
  2018-08-01-11-43 [main] [com.uat.automation.testcase.analytics.common.PatentsListPageTest] [INFO] - Started PatentsListPageTest in 2.859 seconds (JVM running for 8.941)
  2018-08-01-11-43 [main] [com.uat.automation.testcase.TestBase] [INFO] - 初始化浏览器
  2018-08-01-11-43 [main] [com.uat.automation.testcase.TestBase] [INFO] - 启动chrome浏览器
  2018-08-01-11-43 [main] [com.uat.automation.business.LoginBusiness] [INFO] - wangqiang@patsnap.com,welcome to PatSnap
  2018-08-01-11-43 [main] [com.uat.automation.business.HomeBusiness] [INFO] - search patent by pn：US5686838
  2018-08-01-11-44 [main] [com.uat.automation.business.PatentsListBusiness] [INFO] - select the filter : CPC分类
  2018-08-01-11-44 [main] [com.uat.automation.business.PatentsListBusiness] [INFO] - select the filter : IPC分类
  2018-08-01-11-44 [main] [com.uat.automation.business.PatentsListBusiness] [INFO] - do filter
  2018-08-01-11-44 [main] [com.uat.automation.business.PatentsListBusiness] [INFO] - created new workspace : 1533095059407
  2018-08-01-11-45 [main] [org.springframework.boot.test.context.SpringBootTestContextBootstrapper] [INFO] - Neither @ContextConfiguration nor @ContextHierarchy found for test class [com.uat.automation.testcase.analytics.common.PatentsListPageTest], using SpringBootContextLoader
  2018-08-01-11-45 [main] [org.springframework.test.context.support.AbstractContextLoader] [INFO] - Could not detect default resource locations for test class [com.uat.automation.testcase.analytics.common.PatentsListPageTest]: no resource found for suffixes {-context.xml, Context.groovy}.
  2018-08-01-11-45 [main] [org.springframework.test.context.support.AnnotationConfigContextLoaderUtils] [INFO] - Could not detect default configuration classes for test class [com.uat.automation.testcase.analytics.common.PatentsListPageTest]: PatentsListPageTest does not declare any static, non-private, non-final, nested classes annotated with @Configuration.
  2018-08-01-11-45 [main] [org.springframework.boot.test.context.SpringBootTestContextBootstrapper] [INFO] - Found @SpringBootConfiguration com.uat.automation.AutomationApplication for test class com.uat.automation.testcase.analytics.common.PatentsListPageTest
  2018-08-01-11-45 [main] [org.springframework.boot.test.context.SpringBootTestContextBootstrapper] [INFO] - Using TestExecutionListeners: [org.springframework.test.context.support.DirtiesContextBeforeModesTestExecutionListener@42b02722, org.springframework.test.context.support.DependencyInjectionTestExecutionListener@d62fe5b, org.springframework.test.context.support.DirtiesContextTestExecutionListener@49964d75]
  2018-08-01-11-45 [main] [com.uat.automation.testcase.analytics.common.PatentsListPageTest] [INFO] - Starting PatentsListPageTest on DESKTOP-94LVFNN with PID 6488 (F:\workspace\automation\target\test-classes started by pc in F:\workspace\automation)
  2018-08-01-11-45 [main] [com.uat.automation.testcase.analytics.common.PatentsListPageTest] [INFO] - No active profile set, falling back to default profiles: default
  2018-08-01-11-45 [main] [org.springframework.context.annotation.AnnotationConfigApplicationContext] [INFO] - Refreshing org.springframework.context.annotation.AnnotationConfigApplicationContext@63192798: startup date [Wed Aug 01 11:45:39 CST 2018]; root of context hierarchy
  2018-08-01-11-45 [main] [com.uat.automation.testcase.analytics.common.PatentsListPageTest] [INFO] - Started PatentsListPageTest in 2.948 seconds (JVM running for 8.326)
  2018-08-01-11-45 [main] [com.uat.automation.testcase.TestBase] [INFO] - 初始化浏览器
  2018-08-01-11-45 [main] [com.uat.automation.testcase.TestBase] [INFO] - 启动chrome浏览器
  2018-08-01-11-45 [main] [com.uat.automation.business.LoginBusiness] [INFO] - wangqiang@patsnap.com,welcome to PatSnap
  2018-08-01-11-45 [main] [com.uat.automation.business.HomeBusiness] [INFO] - search patent by pn：US5686838
  2018-08-01-11-46 [main] [com.uat.automation.business.PatentsListBusiness] [INFO] - select the filter : IPC分类
  2018-08-01-11-46 [main] [com.uat.automation.business.PatentsListBusiness] [INFO] - select the filter : CPC分类
  2018-08-01-11-46 [main] [com.uat.automation.business.PatentsListBusiness] [INFO] - do filter
  2018-08-01-11-46 [main] [com.uat.automation.business.PatentsListBusiness] [INFO] - created new workspace : 1533095175164
  2018-08-01-11-46 [main] [com.uat.automation.business.PatentsListBusiness] [INFO] - save to workspace successfully
  2018-08-01-11-46 [Thread-2] [org.springframework.context.annotation.AnnotationConfigApplicationContext] [INFO] - Closing org.springframework.context.annotation.AnnotationConfigApplicationContext@63192798: startup date [Wed Aug 01 11:45:39 CST 2018]; root of context hierarchy
  2018-08-01-11-47 [main] [org.springframework.boot.test.context.SpringBootTestContextBootstrapper] [INFO] - Neither @ContextConfiguration nor @ContextHierarchy found for test class [com.uat.automation.testcase.analytics.common.PatentsListPageTest], using SpringBootContextLoader
  2018-08-01-11-47 [main] [org.springframework.test.context.support.AbstractContextLoader] [INFO] - Could not detect default resource locations for test class [com.uat.automation.testcase.analytics.common.PatentsListPageTest]: no resource found for suffixes {-context.xml, Context.groovy}.
  2018-08-01-11-47 [main] [org.springframework.test.context.support.AnnotationConfigContextLoaderUtils] [INFO] - Could not detect default configuration classes for test class [com.uat.automation.testcase.analytics.common.PatentsListPageTest]: PatentsListPageTest does not declare any static, non-private, non-final, nested classes annotated with @Configuration.
  2018-08-01-11-47 [main] [org.springframework.boot.test.context.SpringBootTestContextBootstrapper] [INFO] - Found @SpringBootConfiguration com.uat.automation.AutomationApplication for test class com.uat.automation.testcase.analytics.common.PatentsListPageTest
  2018-08-01-11-47 [main] [org.springframework.boot.test.context.SpringBootTestContextBootstrapper] [INFO] - Using TestExecutionListeners: [org.springframework.test.context.support.DirtiesContextBeforeModesTestExecutionListener@42b02722, org.springframework.test.context.support.DependencyInjectionTestExecutionListener@d62fe5b, org.springframework.test.context.support.DirtiesContextTestExecutionListener@49964d75]
  2018-08-01-11-47 [main] [com.uat.automation.testcase.analytics.common.PatentsListPageTest] [INFO] - Starting PatentsListPageTest on DESKTOP-94LVFNN with PID 7940 (F:\workspace\automation\target\test-classes started by pc in F:\workspace\automation)
  2018-08-01-11-47 [main] [com.uat.automation.testcase.analytics.common.PatentsListPageTest] [INFO] - No active profile set, falling back to default profiles: default
  2018-08-01-11-47 [main] [org.springframework.context.annotation.AnnotationConfigApplicationContext] [INFO] - Refreshing org.springframework.context.annotation.AnnotationConfigApplicationContext@63192798: startup date [Wed Aug 01 11:47:54 CST 2018]; root of context hierarchy
  2018-08-01-11-47 [main] [com.uat.automation.testcase.analytics.common.PatentsListPageTest] [INFO] - Started PatentsListPageTest in 2.796 seconds (JVM running for 7.821)
  2018-08-01-11-47 [main] [com.uat.automation.testcase.TestBase] [INFO] - 初始化浏览器
  2018-08-01-11-48 [main] [com.uat.automation.testcase.TestBase] [INFO] - 启动chrome浏览器
  2018-08-01-11-48 [main] [com.uat.automation.business.LoginBusiness] [INFO] - wangqiang@patsnap.com,welcome to PatSnap
  2018-08-01-11-48 [main] [com.uat.automation.business.HomeBusiness] [INFO] - search patent by pn：US5686838
  2018-08-01-11-48 [main] [com.uat.automation.business.PatentsListBusiness] [INFO] - select the filter : CPC分类
  2018-08-01-11-48 [main] [com.uat.automation.business.PatentsListBusiness] [INFO] - select the filter : IPC分类
  2018-08-01-11-48 [main] [com.uat.automation.business.PatentsListBusiness] [INFO] - do filter
  2018-08-01-11-48 [main] [com.uat.automation.business.PatentsListBusiness] [INFO] - created new workspace : 1533095308952
  2018-08-01-11-48 [Thread-2] [org.springframework.context.annotation.AnnotationConfigApplicationContext] [INFO] - Closing org.springframework.context.annotation.AnnotationConfigApplicationContext@63192798: startup date [Wed Aug 01 11:47:54 CST 2018]; root of context hierarchy
  2018-08-01-11-50 [main] [org.springframework.boot.test.context.SpringBootTestContextBootstrapper] [INFO] - Neither @ContextConfiguration nor @ContextHierarchy found for test class [com.uat.automation.testcase.analytics.common.PatentsListPageTest], using SpringBootContextLoader
  2018-08-01-11-50 [main] [org.springframework.test.context.support.AbstractContextLoader] [INFO] - Could not detect default resource locations for test class [com.uat.automation.testcase.analytics.common.PatentsListPageTest]: no resource found for suffixes {-context.xml, Context.groovy}.
  2018-08-01-11-50 [main] [org.springframework.test.context.support.AnnotationConfigContextLoaderUtils] [INFO] - Could not detect default configuration classes for test class [com.uat.automation.testcase.analytics.common.PatentsListPageTest]: PatentsListPageTest does not declare any static, non-private, non-final, nested classes annotated with @Configuration.
  2018-08-01-11-50 [main] [org.springframework.boot.test.context.SpringBootTestContextBootstrapper] [INFO] - Found @SpringBootConfiguration com.uat.automation.AutomationApplication for test class com.uat.automation.testcase.analytics.common.PatentsListPageTest
  2018-08-01-11-50 [main] [org.springframework.boot.test.context.SpringBootTestContextBootstrapper] [INFO] - Using TestExecutionListeners: [org.springframework.test.context.support.DirtiesContextBeforeModesTestExecutionListener@42b02722, org.springframework.test.context.support.DependencyInjectionTestExecutionListener@d62fe5b, org.springframework.test.context.support.DirtiesContextTestExecutionListener@49964d75]
  2018-08-01-11-50 [main] [com.uat.automation.testcase.analytics.common.PatentsListPageTest] [INFO] - Starting PatentsListPageTest on DESKTOP-94LVFNN with PID 9916 (F:\workspace\automation\target\test-classes started by pc in F:\workspace\automation)
  2018-08-01-11-50 [main] [com.uat.automation.testcase.analytics.common.PatentsListPageTest] [INFO] - No active profile set, falling back to default profiles: default
  2018-08-01-11-50 [main] [org.springframework.context.annotation.AnnotationConfigApplicationContext] [INFO] - Refreshing org.springframework.context.annotation.AnnotationConfigApplicationContext@63192798: startup date [Wed Aug 01 11:50:06 CST 2018]; root of context hierarchy
  2018-08-01-11-50 [main] [com.uat.automation.testcase.analytics.common.PatentsListPageTest] [INFO] - Started PatentsListPageTest in 3.093 seconds (JVM running for 8.773)
  2018-08-01-11-50 [main] [com.uat.automation.testcase.TestBase] [INFO] - 初始化浏览器
  2018-08-01-11-50 [main] [com.uat.automation.testcase.TestBase] [INFO] - 启动chrome浏览器
  2018-08-01-11-50 [main] [com.uat.automation.business.LoginBusiness] [INFO] - wangqiang@patsnap.com,welcome to PatSnap
  2018-08-01-11-50 [main] [com.uat.automation.business.HomeBusiness] [INFO] - search patent by pn：US5686838
  2018-08-01-11-50 [main] [com.uat.automation.business.PatentsListBusiness] [INFO] - select the filter : IPC分类
  2018-08-01-11-50 [main] [com.uat.automation.business.PatentsListBusiness] [INFO] - select the filter : CPC分类
  2018-08-01-11-50 [main] [com.uat.automation.business.PatentsListBusiness] [INFO] - do filter
  2018-08-01-11-50 [main] [com.uat.automation.business.PatentsListBusiness] [INFO] - created new workspace : 1533095442976
  2018-08-01-11-51 [main] [com.uat.automation.business.PatentsListBusiness] [INFO] - save to workspace successfully
  2018-08-01-11-51 [Thread-2] [org.springframework.context.annotation.AnnotationConfigApplicationContext] [INFO] - Closing org.springframework.context.annotation.AnnotationConfigApplicationContext@63192798: startup date [Wed Aug 01 11:50:06 CST 2018]; root of context hierarchy
  2018-08-01-13-52 [main] [org.springframework.test.context.support.DefaultTestContextBootstrapper] [INFO] - Neither @ContextConfiguration nor @ContextHierarchy found for test class [com.uat.automation.testcase.analytics.workspace.WorkspaceTest], using DelegatingSmartContextLoader
  2018-08-01-13-52 [main] [org.springframework.test.context.support.AbstractContextLoader] [INFO] - Could not detect default resource locations for test class [com.uat.automation.testcase.analytics.workspace.WorkspaceTest]: no resource found for suffixes {-context.xml}.
  2018-08-01-13-52 [main] [org.springframework.test.context.support.AnnotationConfigContextLoaderUtils] [INFO] - Could not detect default configuration classes for test class [com.uat.automation.testcase.analytics.workspace.WorkspaceTest]: WorkspaceTest does not declare any static, non-private, non-final, nested classes annotated with @Configuration.
  2018-08-01-13-52 [main] [org.springframework.test.context.support.DefaultTestContextBootstrapper] [INFO] - Using TestExecutionListeners: [org.springframework.test.context.support.DirtiesContextBeforeModesTestExecutionListener@d6da883, org.springframework.test.context.support.DependencyInjectionTestExecutionListener@45afc369, org.springframework.test.context.support.DirtiesContextTestExecutionListener@799d4f69]
  2018-08-01-13-52 [main] [org.springframework.context.support.GenericApplicationContext] [INFO] - Refreshing org.springframework.context.support.GenericApplicationContext@780cb77: startup date [Wed Aug 01 13:52:37 CST 2018]; root of context hierarchy
  2018-08-01-13-52 [main] [org.springframework.test.context.TestContextManager] [ERROR] - Caught exception while allowing TestExecutionListener [org.springframework.test.context.support.DependencyInjectionTestExecutionListener@45afc369] to prepare test instance [com.uat.automation.testcase.analytics.workspace.WorkspaceTest@16267862]
  org.springframework.beans.factory.UnsatisfiedDependencyException: Error creating bean with name 'com.uat.automation.testcase.analytics.workspace.WorkspaceTest': Unsatisfied dependency expressed through field 'envHandler'; nested exception is org.springframework.beans.factory.NoSuchBeanDefinitionException: No qualifying bean of type 'com.uat.automation.handler.EnvHandler' available: expected at least 1 bean which qualifies as autowire candidate. Dependency annotations: {@org.springframework.beans.factory.annotation.Autowired(required=true)}
	at org.springframework.beans.factory.annotation.AutowiredAnnotationBeanPostProcessor$AutowiredFieldElement.inject(AutowiredAnnotationBeanPostProcessor.java:587)
	at org.springframework.beans.factory.annotation.InjectionMetadata.inject(InjectionMetadata.java:91)
	at org.springframework.beans.factory.annotation.AutowiredAnnotationBeanPostProcessor.postProcessPropertyValues(AutowiredAnnotationBeanPostProcessor.java:373)
	at org.springframework.beans.factory.support.AbstractAutowireCapableBeanFactory.populateBean(AbstractAutowireCapableBeanFactory.java:1350)
	at org.springframework.beans.factory.support.AbstractAutowireCapableBeanFactory.autowireBeanProperties(AbstractAutowireCapableBeanFactory.java:401)
	at org.springframework.test.context.support.DependencyInjectionTestExecutionListener.injectDependencies(DependencyInjectionTestExecutionListener.java:118)
	at org.springframework.test.context.support.DependencyInjectionTestExecutionListener.prepareTestInstance(DependencyInjectionTestExecutionListener.java:83)
	at org.springframework.test.context.TestContextManager.prepareTestInstance(TestContextManager.java:246)
	at org.springframework.test.context.testng.AbstractTestNGSpringContextTests.springTestContextPrepareTestInstance(AbstractTestNGSpringContextTests.java:145)
	at sun.reflect.NativeMethodAccessorImpl.invoke0(Native Method)
	at sun.reflect.NativeMethodAccessorImpl.invoke(NativeMethodAccessorImpl.java:62)
	at sun.reflect.DelegatingMethodAccessorImpl.invoke(DelegatingMethodAccessorImpl.java:43)
	at java.lang.reflect.Method.invoke(Method.java:498)
	at org.testng.internal.MethodInvocationHelper.invokeMethod(MethodInvocationHelper.java:124)
	at org.testng.internal.MethodInvocationHelper.invokeMethodConsideringTimeout(MethodInvocationHelper.java:59)
	at org.testng.internal.Invoker.invokeConfigurationMethod(Invoker.java:458)
	at org.testng.internal.Invoker.invokeConfigurations(Invoker.java:222)
	at org.testng.internal.Invoker.invokeConfigurations(Invoker.java:142)
	at org.testng.internal.TestMethodWorker.invokeBeforeClassMethods(TestMethodWorker.java:168)
	at org.testng.internal.TestMethodWorker.run(TestMethodWorker.java:105)
	at org.testng.TestRunner.privateRun(TestRunner.java:648)
	at org.testng.TestRunner.run(TestRunner.java:505)
	at org.testng.SuiteRunner.runTest(SuiteRunner.java:455)
	at org.testng.SuiteRunner.runSequentially(SuiteRunner.java:450)
	at org.testng.SuiteRunner.privateRun(SuiteRunner.java:415)
	at org.testng.SuiteRunner.run(SuiteRunner.java:364)
	at org.testng.SuiteRunnerWorker.runSuite(SuiteRunnerWorker.java:52)
	at org.testng.SuiteRunnerWorker.run(SuiteRunnerWorker.java:84)
	at org.testng.TestNG.runSuitesSequentially(TestNG.java:1208)
	at org.testng.TestNG.runSuitesLocally(TestNG.java:1137)
	at org.testng.TestNG.runSuites(TestNG.java:1049)
	at org.testng.TestNG.run(TestNG.java:1017)
	at org.testng.IDEARemoteTestNG.run(IDEARemoteTestNG.java:72)
	at org.testng.RemoteTestNGStarter.main(RemoteTestNGStarter.java:123)
Caused by: org.springframework.beans.factory.NoSuchBeanDefinitionException: No qualifying bean of type 'com.uat.automation.handler.EnvHandler' available: expected at least 1 bean which qualifies as autowire candidate. Dependency annotations: {@org.springframework.beans.factory.annotation.Autowired(required=true)}
	at org.springframework.beans.factory.support.DefaultListableBeanFactory.raiseNoMatchingBeanFound(DefaultListableBeanFactory.java:1509)
	at org.springframework.beans.factory.support.DefaultListableBeanFactory.doResolveDependency(DefaultListableBeanFactory.java:1104)
	at org.springframework.beans.factory.support.DefaultListableBeanFactory.resolveDependency(DefaultListableBeanFactory.java:1065)
	at org.springframework.beans.factory.annotation.AutowiredAnnotationBeanPostProcessor$AutowiredFieldElement.inject(AutowiredAnnotationBeanPostProcessor.java:584)
	... 33 more
2018-08-01-13-52 [Thread-0] [org.springframework.context.support.GenericApplicationContext] [INFO] - Closing org.springframework.context.support.GenericApplicationContext@780cb77: startup date [Wed Aug 01 13:52:37 CST 2018]; root of context hierarchy
  2018-08-01-13-53 [main] [org.springframework.boot.test.context.SpringBootTestContextBootstrapper] [INFO] - Neither @ContextConfiguration nor @ContextHierarchy found for test class [com.uat.automation.testcase.analytics.workspace.WorkspaceTest], using SpringBootContextLoader
  2018-08-01-13-53 [main] [org.springframework.test.context.support.AbstractContextLoader] [INFO] - Could not detect default resource locations for test class [com.uat.automation.testcase.analytics.workspace.WorkspaceTest]: no resource found for suffixes {-context.xml, Context.groovy}.
  2018-08-01-13-53 [main] [org.springframework.test.context.support.AnnotationConfigContextLoaderUtils] [INFO] - Could not detect default configuration classes for test class [com.uat.automation.testcase.analytics.workspace.WorkspaceTest]: WorkspaceTest does not declare any static, non-private, non-final, nested classes annotated with @Configuration.
  2018-08-01-13-53 [main] [org.springframework.boot.test.context.SpringBootTestContextBootstrapper] [INFO] - Found @SpringBootConfiguration com.uat.automation.AutomationApplication for test class com.uat.automation.testcase.analytics.workspace.WorkspaceTest
  2018-08-01-13-53 [main] [org.springframework.boot.test.context.SpringBootTestContextBootstrapper] [INFO] - Using TestExecutionListeners: [org.springframework.test.context.support.DirtiesContextBeforeModesTestExecutionListener@2ef14fe, org.springframework.test.context.support.DependencyInjectionTestExecutionListener@77102b91, org.springframework.test.context.support.DirtiesContextTestExecutionListener@45312be2]
  2018-08-01-13-53 [main] [com.uat.automation.testcase.analytics.workspace.WorkspaceTest] [INFO] - Starting WorkspaceTest on DESKTOP-94LVFNN with PID 10076 (F:\workspace\automation\target\test-classes started by pc in F:\workspace\automation)
  2018-08-01-13-53 [main] [com.uat.automation.testcase.analytics.workspace.WorkspaceTest] [INFO] - No active profile set, falling back to default profiles: default
  2018-08-01-13-53 [main] [org.springframework.context.annotation.AnnotationConfigApplicationContext] [INFO] - Refreshing org.springframework.context.annotation.AnnotationConfigApplicationContext@773cbf4f: startup date [Wed Aug 01 13:53:14 CST 2018]; root of context hierarchy
  2018-08-01-13-53 [main] [com.uat.automation.testcase.analytics.workspace.WorkspaceTest] [INFO] - Started WorkspaceTest in 3.02 seconds (JVM running for 8.607)
  2018-08-01-13-53 [Thread-2] [org.springframework.context.annotation.AnnotationConfigApplicationContext] [INFO] - Closing org.springframework.context.annotation.AnnotationConfigApplicationContext@773cbf4f: startup date [Wed Aug 01 13:53:14 CST 2018]; root of context hierarchy
  2018-08-01-13-54 [main] [org.springframework.boot.test.context.SpringBootTestContextBootstrapper] [INFO] - Neither @ContextConfiguration nor @ContextHierarchy found for test class [com.uat.automation.testcase.analytics.workspace.WorkspaceTest], using SpringBootContextLoader
  2018-08-01-13-54 [main] [org.springframework.test.context.support.AbstractContextLoader] [INFO] - Could not detect default resource locations for test class [com.uat.automation.testcase.analytics.workspace.WorkspaceTest]: no resource found for suffixes {-context.xml, Context.groovy}.
  2018-08-01-13-54 [main] [org.springframework.test.context.support.AnnotationConfigContextLoaderUtils] [INFO] - Could not detect default configuration classes for test class [com.uat.automation.testcase.analytics.workspace.WorkspaceTest]: WorkspaceTest does not declare any static, non-private, non-final, nested classes annotated with @Configuration.
  2018-08-01-13-54 [main] [org.springframework.boot.test.context.SpringBootTestContextBootstrapper] [INFO] - Found @SpringBootConfiguration com.uat.automation.AutomationApplication for test class com.uat.automation.testcase.analytics.workspace.WorkspaceTest
  2018-08-01-13-54 [main] [org.springframework.boot.test.context.SpringBootTestContextBootstrapper] [INFO] - Using TestExecutionListeners: [org.springframework.test.context.support.DirtiesContextBeforeModesTestExecutionListener@77102b91, org.springframework.test.context.support.DependencyInjectionTestExecutionListener@45312be2, org.springframework.test.context.support.DirtiesContextTestExecutionListener@7fb95505]
  2018-08-01-13-54 [main] [com.uat.automation.testcase.analytics.workspace.WorkspaceTest] [INFO] - Starting WorkspaceTest on DESKTOP-94LVFNN with PID 9908 (F:\workspace\automation\target\test-classes started by pc in F:\workspace\automation)
  2018-08-01-13-54 [main] [com.uat.automation.testcase.analytics.workspace.WorkspaceTest] [INFO] - No active profile set, falling back to default profiles: default
  2018-08-01-13-54 [main] [org.springframework.context.annotation.AnnotationConfigApplicationContext] [INFO] - Refreshing org.springframework.context.annotation.AnnotationConfigApplicationContext@69637b10: startup date [Wed Aug 01 13:54:12 CST 2018]; root of context hierarchy
  2018-08-01-13-54 [main] [com.uat.automation.testcase.analytics.workspace.WorkspaceTest] [INFO] - Started WorkspaceTest in 3.157 seconds (JVM running for 8.343)
  2018-08-01-13-54 [main] [com.uat.automation.testcase.TestBase] [INFO] - 初始化浏览器
  2018-08-01-13-54 [main] [com.uat.automation.testcase.TestBase] [INFO] - 启动chrome浏览器
  2018-08-01-13-54 [Thread-2] [org.springframework.context.annotation.AnnotationConfigApplicationContext] [INFO] - Closing org.springframework.context.annotation.AnnotationConfigApplicationContext@69637b10: startup date [Wed Aug 01 13:54:12 CST 2018]; root of context hierarchy
  2018-08-01-13-54 [main] [org.springframework.boot.test.context.SpringBootTestContextBootstrapper] [INFO] - Neither @ContextConfiguration nor @ContextHierarchy found for test class [com.uat.automation.testcase.analytics.workspace.WorkspaceTest], using SpringBootContextLoader
  2018-08-01-13-54 [main] [org.springframework.test.context.support.AbstractContextLoader] [INFO] - Could not detect default resource locations for test class [com.uat.automation.testcase.analytics.workspace.WorkspaceTest]: no resource found for suffixes {-context.xml, Context.groovy}.
  2018-08-01-13-54 [main] [org.springframework.test.context.support.AnnotationConfigContextLoaderUtils] [INFO] - Could not detect default configuration classes for test class [com.uat.automation.testcase.analytics.workspace.WorkspaceTest]: WorkspaceTest does not declare any static, non-private, non-final, nested classes annotated with @Configuration.
  2018-08-01-13-54 [main] [org.springframework.boot.test.context.SpringBootTestContextBootstrapper] [INFO] - Found @SpringBootConfiguration com.uat.automation.AutomationApplication for test class com.uat.automation.testcase.analytics.workspace.WorkspaceTest
  2018-08-01-13-54 [main] [org.springframework.boot.test.context.SpringBootTestContextBootstrapper] [INFO] - Using TestExecutionListeners: [org.springframework.test.context.support.DirtiesContextBeforeModesTestExecutionListener@77102b91, org.springframework.test.context.support.DependencyInjectionTestExecutionListener@45312be2, org.springframework.test.context.support.DirtiesContextTestExecutionListener@7fb95505]
  2018-08-01-13-54 [main] [com.uat.automation.testcase.analytics.workspace.WorkspaceTest] [INFO] - Starting WorkspaceTest on DESKTOP-94LVFNN with PID 11088 (F:\workspace\automation\target\test-classes started by pc in F:\workspace\automation)
  2018-08-01-13-54 [main] [com.uat.automation.testcase.analytics.workspace.WorkspaceTest] [INFO] - No active profile set, falling back to default profiles: default
  2018-08-01-13-54 [main] [org.springframework.context.annotation.AnnotationConfigApplicationContext] [INFO] - Refreshing org.springframework.context.annotation.AnnotationConfigApplicationContext@69637b10: startup date [Wed Aug 01 13:54:57 CST 2018]; root of context hierarchy
  2018-08-01-13-54 [main] [com.uat.automation.testcase.analytics.workspace.WorkspaceTest] [INFO] - Started WorkspaceTest in 3.031 seconds (JVM running for 8.267)
  2018-08-01-13-54 [main] [com.uat.automation.testcase.TestBase] [INFO] - 初始化浏览器
  2018-08-01-13-55 [main] [com.uat.automation.testcase.TestBase] [INFO] - 启动chrome浏览器
  2018-08-01-13-55 [main] [com.uat.automation.business.LoginBusiness] [INFO] - wangqiang@patsnap.com,welcome to PatSnap
  2018-08-01-13-55 [Thread-2] [org.springframework.context.annotation.AnnotationConfigApplicationContext] [INFO] - Closing org.springframework.context.annotation.AnnotationConfigApplicationContext@69637b10: startup date [Wed Aug 01 13:54:57 CST 2018]; root of context hierarchy
  2018-08-01-14-00 [main] [org.springframework.boot.test.context.SpringBootTestContextBootstrapper] [INFO] - Neither @ContextConfiguration nor @ContextHierarchy found for test class [com.uat.automation.testcase.analytics.workspace.WorkspaceTest], using SpringBootContextLoader
  2018-08-01-14-00 [main] [org.springframework.test.context.support.AbstractContextLoader] [INFO] - Could not detect default resource locations for test class [com.uat.automation.testcase.analytics.workspace.WorkspaceTest]: no resource found for suffixes {-context.xml, Context.groovy}.
  2018-08-01-14-00 [main] [org.springframework.test.context.support.AnnotationConfigContextLoaderUtils] [INFO] - Could not detect default configuration classes for test class [com.uat.automation.testcase.analytics.workspace.WorkspaceTest]: WorkspaceTest does not declare any static, non-private, non-final, nested classes annotated with @Configuration.
  2018-08-01-14-00 [main] [org.springframework.boot.test.context.SpringBootTestContextBootstrapper] [INFO] - Found @SpringBootConfiguration com.uat.automation.AutomationApplication for test class com.uat.automation.testcase.analytics.workspace.WorkspaceTest
  2018-08-01-14-00 [main] [org.springframework.boot.test.context.SpringBootTestContextBootstrapper] [INFO] - Using TestExecutionListeners: [org.springframework.test.context.support.DirtiesContextBeforeModesTestExecutionListener@77102b91, org.springframework.test.context.support.DependencyInjectionTestExecutionListener@45312be2, org.springframework.test.context.support.DirtiesContextTestExecutionListener@7fb95505]
  2018-08-01-14-00 [main] [com.uat.automation.testcase.analytics.workspace.WorkspaceTest] [INFO] - Starting WorkspaceTest on DESKTOP-94LVFNN with PID 6036 (F:\workspace\automation\target\test-classes started by pc in F:\workspace\automation)
  2018-08-01-14-00 [main] [com.uat.automation.testcase.analytics.workspace.WorkspaceTest] [INFO] - No active profile set, falling back to default profiles: default
  2018-08-01-14-00 [main] [org.springframework.context.annotation.AnnotationConfigApplicationContext] [INFO] - Refreshing org.springframework.context.annotation.AnnotationConfigApplicationContext@69637b10: startup date [Wed Aug 01 14:00:17 CST 2018]; root of context hierarchy
  2018-08-01-14-00 [main] [com.uat.automation.testcase.analytics.workspace.WorkspaceTest] [INFO] - Started WorkspaceTest in 3.972 seconds (JVM running for 9.964)
  2018-08-01-14-00 [main] [com.uat.automation.testcase.TestBase] [INFO] - 初始化浏览器
  2018-08-01-14-00 [main] [com.uat.automation.testcase.TestBase] [INFO] - 启动chrome浏览器
  2018-08-01-14-00 [main] [com.uat.automation.business.LoginBusiness] [INFO] - wangqiang@patsnap.com,welcome to PatSnap
  2018-08-01-14-00 [Thread-2] [org.springframework.context.annotation.AnnotationConfigApplicationContext] [INFO] - Closing org.springframework.context.annotation.AnnotationConfigApplicationContext@69637b10: startup date [Wed Aug 01 14:00:17 CST 2018]; root of context hierarchy
  2018-08-01-14-01 [main] [org.springframework.boot.test.context.SpringBootTestContextBootstrapper] [INFO] - Neither @ContextConfiguration nor @ContextHierarchy found for test class [com.uat.automation.testcase.analytics.workspace.WorkspaceTest], using SpringBootContextLoader
  2018-08-01-14-01 [main] [org.springframework.test.context.support.AbstractContextLoader] [INFO] - Could not detect default resource locations for test class [com.uat.automation.testcase.analytics.workspace.WorkspaceTest]: no resource found for suffixes {-context.xml, Context.groovy}.
  2018-08-01-14-01 [main] [org.springframework.test.context.support.AnnotationConfigContextLoaderUtils] [INFO] - Could not detect default configuration classes for test class [com.uat.automation.testcase.analytics.workspace.WorkspaceTest]: WorkspaceTest does not declare any static, non-private, non-final, nested classes annotated with @Configuration.
  2018-08-01-14-01 [main] [org.springframework.boot.test.context.SpringBootTestContextBootstrapper] [INFO] - Found @SpringBootConfiguration com.uat.automation.AutomationApplication for test class com.uat.automation.testcase.analytics.workspace.WorkspaceTest
  2018-08-01-14-01 [main] [org.springframework.boot.test.context.SpringBootTestContextBootstrapper] [INFO] - Using TestExecutionListeners: [org.springframework.test.context.support.DirtiesContextBeforeModesTestExecutionListener@77102b91, org.springframework.test.context.support.DependencyInjectionTestExecutionListener@45312be2, org.springframework.test.context.support.DirtiesContextTestExecutionListener@7fb95505]
  2018-08-01-14-01 [main] [com.uat.automation.testcase.analytics.workspace.WorkspaceTest] [INFO] - Starting WorkspaceTest on DESKTOP-94LVFNN with PID 9252 (F:\workspace\automation\target\test-classes started by pc in F:\workspace\automation)
  2018-08-01-14-01 [main] [com.uat.automation.testcase.analytics.workspace.WorkspaceTest] [INFO] - No active profile set, falling back to default profiles: default
  2018-08-01-14-01 [main] [org.springframework.context.annotation.AnnotationConfigApplicationContext] [INFO] - Refreshing org.springframework.context.annotation.AnnotationConfigApplicationContext@69637b10: startup date [Wed Aug 01 14:01:39 CST 2018]; root of context hierarchy
  2018-08-01-14-01 [main] [com.uat.automation.testcase.analytics.workspace.WorkspaceTest] [INFO] - Started WorkspaceTest in 3.38 seconds (JVM running for 9.614)
  2018-08-01-14-01 [main] [com.uat.automation.testcase.TestBase] [INFO] - 初始化浏览器
  2018-08-01-14-01 [main] [com.uat.automation.testcase.TestBase] [INFO] - 启动chrome浏览器
  2018-08-01-14-01 [main] [com.uat.automation.business.LoginBusiness] [INFO] - wangqiang@patsnap.com,welcome to PatSnap
  2018-08-01-14-02 [Thread-2] [org.springframework.context.annotation.AnnotationConfigApplicationContext] [INFO] - Closing org.springframework.context.annotation.AnnotationConfigApplicationContext@69637b10: startup date [Wed Aug 01 14:01:39 CST 2018]; root of context hierarchy
  2018-08-01-14-19 [main] [org.springframework.boot.test.context.SpringBootTestContextBootstrapper] [INFO] - Neither @ContextConfiguration nor @ContextHierarchy found for test class [com.uat.automation.testcase.analytics.workspace.WorkspaceTest], using SpringBootContextLoader
  2018-08-01-14-19 [main] [org.springframework.test.context.support.AbstractContextLoader] [INFO] - Could not detect default resource locations for test class [com.uat.automation.testcase.analytics.workspace.WorkspaceTest]: no resource found for suffixes {-context.xml, Context.groovy}.
  2018-08-01-14-19 [main] [org.springframework.test.context.support.AnnotationConfigContextLoaderUtils] [INFO] - Could not detect default configuration classes for test class [com.uat.automation.testcase.analytics.workspace.WorkspaceTest]: WorkspaceTest does not declare any static, non-private, non-final, nested classes annotated with @Configuration.
  2018-08-01-14-19 [main] [org.springframework.boot.test.context.SpringBootTestContextBootstrapper] [INFO] - Found @SpringBootConfiguration com.uat.automation.AutomationApplication for test class com.uat.automation.testcase.analytics.workspace.WorkspaceTest
  2018-08-01-14-19 [main] [org.springframework.boot.test.context.SpringBootTestContextBootstrapper] [INFO] - Using TestExecutionListeners: [org.springframework.test.context.support.DirtiesContextBeforeModesTestExecutionListener@3754a4bf, org.springframework.test.context.support.DependencyInjectionTestExecutionListener@62379589, org.springframework.test.context.support.DirtiesContextTestExecutionListener@4afcd809]
  2018-08-01-14-19 [main] [com.uat.automation.testcase.analytics.workspace.WorkspaceTest] [INFO] - Starting WorkspaceTest on DESKTOP-94LVFNN with PID 9792 (F:\workspace\automation\target\test-classes started by pc in F:\workspace\automation)
  2018-08-01-14-19 [main] [com.uat.automation.testcase.analytics.workspace.WorkspaceTest] [INFO] - No active profile set, falling back to default profiles: default
  2018-08-01-14-19 [main] [org.springframework.context.annotation.AnnotationConfigApplicationContext] [INFO] - Refreshing org.springframework.context.annotation.AnnotationConfigApplicationContext@75437611: startup date [Wed Aug 01 14:19:26 CST 2018]; root of context hierarchy
  2018-08-01-14-19 [main] [com.uat.automation.testcase.analytics.workspace.WorkspaceTest] [INFO] - Started WorkspaceTest in 2.461 seconds (JVM running for 5.698)
  2018-08-01-14-19 [main] [com.uat.automation.testcase.TestBase] [INFO] - 初始化浏览器
  2018-08-01-14-19 [main] [com.uat.automation.testcase.TestBase] [INFO] - 启动chrome浏览器
  2018-08-01-14-19 [main] [com.uat.automation.business.LoginBusiness] [INFO] - wangqiang@patsnap.com,welcome to PatSnap
  2018-08-01-14-19 [Thread-2] [org.springframework.context.annotation.AnnotationConfigApplicationContext] [INFO] - Closing org.springframework.context.annotation.AnnotationConfigApplicationContext@75437611: startup date [Wed Aug 01 14:19:26 CST 2018]; root of context hierarchy
  2018-08-01-15-00 [main] [org.springframework.boot.test.context.SpringBootTestContextBootstrapper] [INFO] - Neither @ContextConfiguration nor @ContextHierarchy found for test class [com.uat.automation.testcase.analytics.workspace.WorkspaceTest], using SpringBootContextLoader
  2018-08-01-15-00 [main] [org.springframework.test.context.support.AbstractContextLoader] [INFO] - Could not detect default resource locations for test class [com.uat.automation.testcase.analytics.workspace.WorkspaceTest]: no resource found for suffixes {-context.xml, Context.groovy}.
  2018-08-01-15-00 [main] [org.springframework.test.context.support.AnnotationConfigContextLoaderUtils] [INFO] - Could not detect default configuration classes for test class [com.uat.automation.testcase.analytics.workspace.WorkspaceTest]: WorkspaceTest does not declare any static, non-private, non-final, nested classes annotated with @Configuration.
  2018-08-01-15-00 [main] [org.springframework.boot.test.context.SpringBootTestContextBootstrapper] [INFO] - Found @SpringBootConfiguration com.uat.automation.AutomationApplication for test class com.uat.automation.testcase.analytics.workspace.WorkspaceTest
  2018-08-01-15-00 [main] [org.springframework.boot.test.context.SpringBootTestContextBootstrapper] [INFO] - Using TestExecutionListeners: [org.springframework.test.context.support.DirtiesContextBeforeModesTestExecutionListener@7fb95505, org.springframework.test.context.support.DependencyInjectionTestExecutionListener@58be6e8, org.springframework.test.context.support.DirtiesContextTestExecutionListener@7331196b]
  2018-08-01-15-00 [main] [com.uat.automation.testcase.analytics.workspace.WorkspaceTest] [INFO] - Starting WorkspaceTest on DESKTOP-94LVFNN with PID 6600 (F:\workspace\automation\target\test-classes started by pc in F:\workspace\automation)
  2018-08-01-15-00 [main] [com.uat.automation.testcase.analytics.workspace.WorkspaceTest] [INFO] - No active profile set, falling back to default profiles: default
  2018-08-01-15-00 [main] [org.springframework.context.annotation.AnnotationConfigApplicationContext] [INFO] - Refreshing org.springframework.context.annotation.AnnotationConfigApplicationContext@5536379e: startup date [Wed Aug 01 15:00:58 CST 2018]; root of context hierarchy
  2018-08-01-15-01 [main] [com.uat.automation.testcase.analytics.workspace.WorkspaceTest] [INFO] - Started WorkspaceTest in 3.049 seconds (JVM running for 9.117)
  2018-08-01-15-01 [main] [com.uat.automation.testcase.TestBase] [INFO] - 初始化浏览器
  2018-08-01-15-01 [main] [com.uat.automation.testcase.TestBase] [INFO] - 启动chrome浏览器
  2018-08-01-15-01 [main] [com.uat.automation.business.LoginBusiness] [INFO] - wangqiang@patsnap.com,welcome to PatSnap
  2018-08-01-15-01 [Thread-2] [org.springframework.context.annotation.AnnotationConfigApplicationContext] [INFO] - Closing org.springframework.context.annotation.AnnotationConfigApplicationContext@5536379e: startup date [Wed Aug 01 15:00:58 CST 2018]; root of context hierarchy
  2018-08-01-15-02 [main] [org.springframework.boot.test.context.SpringBootTestContextBootstrapper] [INFO] - Neither @ContextConfiguration nor @ContextHierarchy found for test class [com.uat.automation.testcase.analytics.workspace.WorkspaceTest], using SpringBootContextLoader
  2018-08-01-15-02 [main] [org.springframework.test.context.support.AbstractContextLoader] [INFO] - Could not detect default resource locations for test class [com.uat.automation.testcase.analytics.workspace.WorkspaceTest]: no resource found for suffixes {-context.xml, Context.groovy}.
  2018-08-01-15-02 [main] [org.springframework.test.context.support.AnnotationConfigContextLoaderUtils] [INFO] - Could not detect default configuration classes for test class [com.uat.automation.testcase.analytics.workspace.WorkspaceTest]: WorkspaceTest does not declare any static, non-private, non-final, nested classes annotated with @Configuration.
  2018-08-01-15-02 [main] [org.springframework.boot.test.context.SpringBootTestContextBootstrapper] [INFO] - Found @SpringBootConfiguration com.uat.automation.AutomationApplication for test class com.uat.automation.testcase.analytics.workspace.WorkspaceTest
  2018-08-01-15-02 [main] [org.springframework.boot.test.context.SpringBootTestContextBootstrapper] [INFO] - Using TestExecutionListeners: [org.springframework.test.context.support.DirtiesContextBeforeModesTestExecutionListener@7fb95505, org.springframework.test.context.support.DependencyInjectionTestExecutionListener@58be6e8, org.springframework.test.context.support.DirtiesContextTestExecutionListener@7331196b]
  2018-08-01-15-02 [main] [com.uat.automation.testcase.analytics.workspace.WorkspaceTest] [INFO] - Starting WorkspaceTest on DESKTOP-94LVFNN with PID 3592 (F:\workspace\automation\target\test-classes started by pc in F:\workspace\automation)
  2018-08-01-15-02 [main] [com.uat.automation.testcase.analytics.workspace.WorkspaceTest] [INFO] - No active profile set, falling back to default profiles: default
  2018-08-01-15-02 [main] [org.springframework.context.annotation.AnnotationConfigApplicationContext] [INFO] - Refreshing org.springframework.context.annotation.AnnotationConfigApplicationContext@5536379e: startup date [Wed Aug 01 15:02:47 CST 2018]; root of context hierarchy
  2018-08-01-15-02 [main] [com.uat.automation.testcase.analytics.workspace.WorkspaceTest] [INFO] - Started WorkspaceTest in 3.006 seconds (JVM running for 8.54)
  2018-08-01-15-02 [main] [com.uat.automation.testcase.TestBase] [INFO] - 初始化浏览器
  2018-08-01-15-02 [main] [com.uat.automation.testcase.TestBase] [INFO] - 启动chrome浏览器
  2018-08-01-15-03 [main] [com.uat.automation.business.LoginBusiness] [INFO] - wangqiang@patsnap.com,welcome to PatSnap
  2018-08-01-15-03 [Thread-2] [org.springframework.context.annotation.AnnotationConfigApplicationContext] [INFO] - Closing org.springframework.context.annotation.AnnotationConfigApplicationContext@5536379e: startup date [Wed Aug 01 15:02:47 CST 2018]; root of context hierarchy
  2018-08-01-15-03 [main] [org.springframework.boot.test.context.SpringBootTestContextBootstrapper] [INFO] - Neither @ContextConfiguration nor @ContextHierarchy found for test class [com.uat.automation.testcase.analytics.workspace.WorkspaceTest], using SpringBootContextLoader
  2018-08-01-15-03 [main] [org.springframework.test.context.support.AbstractContextLoader] [INFO] - Could not detect default resource locations for test class [com.uat.automation.testcase.analytics.workspace.WorkspaceTest]: no resource found for suffixes {-context.xml, Context.groovy}.
  2018-08-01-15-03 [main] [org.springframework.test.context.support.AnnotationConfigContextLoaderUtils] [INFO] - Could not detect default configuration classes for test class [com.uat.automation.testcase.analytics.workspace.WorkspaceTest]: WorkspaceTest does not declare any static, non-private, non-final, nested classes annotated with @Configuration.
  2018-08-01-15-03 [main] [org.springframework.boot.test.context.SpringBootTestContextBootstrapper] [INFO] - Found @SpringBootConfiguration com.uat.automation.AutomationApplication for test class com.uat.automation.testcase.analytics.workspace.WorkspaceTest
  2018-08-01-15-03 [main] [org.springframework.boot.test.context.SpringBootTestContextBootstrapper] [INFO] - Using TestExecutionListeners: [org.springframework.test.context.support.DirtiesContextBeforeModesTestExecutionListener@7fb95505, org.springframework.test.context.support.DependencyInjectionTestExecutionListener@58be6e8, org.springframework.test.context.support.DirtiesContextTestExecutionListener@7331196b]
  2018-08-01-15-03 [main] [com.uat.automation.testcase.analytics.workspace.WorkspaceTest] [INFO] - Starting WorkspaceTest on DESKTOP-94LVFNN with PID 10104 (F:\workspace\automation\target\test-classes started by pc in F:\workspace\automation)
  2018-08-01-15-03 [main] [com.uat.automation.testcase.analytics.workspace.WorkspaceTest] [INFO] - No active profile set, falling back to default profiles: default
  2018-08-01-15-03 [main] [org.springframework.context.annotation.AnnotationConfigApplicationContext] [INFO] - Refreshing org.springframework.context.annotation.AnnotationConfigApplicationContext@5536379e: startup date [Wed Aug 01 15:03:57 CST 2018]; root of context hierarchy
  2018-08-01-15-04 [main] [com.uat.automation.testcase.analytics.workspace.WorkspaceTest] [INFO] - Started WorkspaceTest in 3.118 seconds (JVM running for 8.983)
  2018-08-01-15-04 [main] [com.uat.automation.testcase.TestBase] [INFO] - 初始化浏览器
  2018-08-01-15-04 [main] [com.uat.automation.testcase.TestBase] [INFO] - 启动chrome浏览器
  2018-08-01-15-04 [main] [com.uat.automation.business.LoginBusiness] [INFO] - wangqiang@patsnap.com,welcome to PatSnap
  2018-08-01-15-09 [main] [org.springframework.boot.test.context.SpringBootTestContextBootstrapper] [INFO] - Neither @ContextConfiguration nor @ContextHierarchy found for test class [com.uat.automation.testcase.analytics.workspace.WorkspaceTest], using SpringBootContextLoader
  2018-08-01-15-09 [main] [org.springframework.test.context.support.AbstractContextLoader] [INFO] - Could not detect default resource locations for test class [com.uat.automation.testcase.analytics.workspace.WorkspaceTest]: no resource found for suffixes {-context.xml, Context.groovy}.
  2018-08-01-15-09 [main] [org.springframework.test.context.support.AnnotationConfigContextLoaderUtils] [INFO] - Could not detect default configuration classes for test class [com.uat.automation.testcase.analytics.workspace.WorkspaceTest]: WorkspaceTest does not declare any static, non-private, non-final, nested classes annotated with @Configuration.
  2018-08-01-15-09 [main] [org.springframework.boot.test.context.SpringBootTestContextBootstrapper] [INFO] - Found @SpringBootConfiguration com.uat.automation.AutomationApplication for test class com.uat.automation.testcase.analytics.workspace.WorkspaceTest
  2018-08-01-15-09 [main] [org.springframework.boot.test.context.SpringBootTestContextBootstrapper] [INFO] - Using TestExecutionListeners: [org.springframework.test.context.support.DirtiesContextBeforeModesTestExecutionListener@7fb95505, org.springframework.test.context.support.DependencyInjectionTestExecutionListener@58be6e8, org.springframework.test.context.support.DirtiesContextTestExecutionListener@7331196b]
  2018-08-01-15-09 [main] [com.uat.automation.testcase.analytics.workspace.WorkspaceTest] [INFO] - Starting WorkspaceTest on DESKTOP-94LVFNN with PID 11560 (F:\workspace\automation\target\test-classes started by pc in F:\workspace\automation)
  2018-08-01-15-09 [main] [com.uat.automation.testcase.analytics.workspace.WorkspaceTest] [INFO] - No active profile set, falling back to default profiles: default
  2018-08-01-15-09 [main] [org.springframework.context.annotation.AnnotationConfigApplicationContext] [INFO] - Refreshing org.springframework.context.annotation.AnnotationConfigApplicationContext@165b2f7f: startup date [Wed Aug 01 15:09:55 CST 2018]; root of context hierarchy
  2018-08-01-15-09 [main] [com.uat.automation.testcase.analytics.workspace.WorkspaceTest] [INFO] - Started WorkspaceTest in 3.024 seconds (JVM running for 8.014)
  2018-08-01-15-09 [main] [com.uat.automation.testcase.TestBase] [INFO] - 初始化浏览器
  2018-08-01-15-10 [main] [com.uat.automation.testcase.TestBase] [INFO] - 启动chrome浏览器
  2018-08-01-15-10 [main] [com.uat.automation.business.LoginBusiness] [INFO] - wangqiang@patsnap.com,welcome to PatSnap
  2018-08-01-15-10 [Thread-2] [org.springframework.context.annotation.AnnotationConfigApplicationContext] [INFO] - Closing org.springframework.context.annotation.AnnotationConfigApplicationContext@165b2f7f: startup date [Wed Aug 01 15:09:55 CST 2018]; root of context hierarchy
  2018-08-01-15-14 [main] [org.springframework.boot.test.context.SpringBootTestContextBootstrapper] [INFO] - Neither @ContextConfiguration nor @ContextHierarchy found for test class [com.uat.automation.testcase.analytics.workspace.WorkspaceTest], using SpringBootContextLoader
  2018-08-01-15-14 [main] [org.springframework.test.context.support.AbstractContextLoader] [INFO] - Could not detect default resource locations for test class [com.uat.automation.testcase.analytics.workspace.WorkspaceTest]: no resource found for suffixes {-context.xml, Context.groovy}.
  2018-08-01-15-14 [main] [org.springframework.test.context.support.AnnotationConfigContextLoaderUtils] [INFO] - Could not detect default configuration classes for test class [com.uat.automation.testcase.analytics.workspace.WorkspaceTest]: WorkspaceTest does not declare any static, non-private, non-final, nested classes annotated with @Configuration.
  2018-08-01-15-14 [main] [org.springframework.boot.test.context.SpringBootTestContextBootstrapper] [INFO] - Found @SpringBootConfiguration com.uat.automation.AutomationApplication for test class com.uat.automation.testcase.analytics.workspace.WorkspaceTest
  2018-08-01-15-14 [main] [org.springframework.boot.test.context.SpringBootTestContextBootstrapper] [INFO] - Using TestExecutionListeners: [org.springframework.test.context.support.DirtiesContextBeforeModesTestExecutionListener@7fb95505, org.springframework.test.context.support.DependencyInjectionTestExecutionListener@58be6e8, org.springframework.test.context.support.DirtiesContextTestExecutionListener@7331196b]
  2018-08-01-15-14 [main] [com.uat.automation.testcase.analytics.workspace.WorkspaceTest] [INFO] - Starting WorkspaceTest on DESKTOP-94LVFNN with PID 5696 (F:\workspace\automation\target\test-classes started by pc in F:\workspace\automation)
  2018-08-01-15-14 [main] [com.uat.automation.testcase.analytics.workspace.WorkspaceTest] [INFO] - No active profile set, falling back to default profiles: default
  2018-08-01-15-14 [main] [org.springframework.context.annotation.AnnotationConfigApplicationContext] [INFO] - Refreshing org.springframework.context.annotation.AnnotationConfigApplicationContext@5536379e: startup date [Wed Aug 01 15:14:36 CST 2018]; root of context hierarchy
  2018-08-01-15-14 [main] [com.uat.automation.testcase.analytics.workspace.WorkspaceTest] [INFO] - Started WorkspaceTest in 2.417 seconds (JVM running for 6.329)
  2018-08-01-15-14 [main] [com.uat.automation.testcase.TestBase] [INFO] - 初始化浏览器
  2018-08-01-15-14 [main] [com.uat.automation.testcase.TestBase] [INFO] - 启动chrome浏览器
  2018-08-01-15-14 [main] [com.uat.automation.business.LoginBusiness] [INFO] - wangqiang@patsnap.com,welcome to PatSnap
  2018-08-01-15-15 [Thread-2] [org.springframework.context.annotation.AnnotationConfigApplicationContext] [INFO] - Closing org.springframework.context.annotation.AnnotationConfigApplicationContext@5536379e: startup date [Wed Aug 01 15:14:36 CST 2018]; root of context hierarchy
  2018-08-01-15-17 [main] [org.springframework.boot.test.context.SpringBootTestContextBootstrapper] [INFO] - Neither @ContextConfiguration nor @ContextHierarchy found for test class [com.uat.automation.testcase.analytics.workspace.WorkspaceTest], using SpringBootContextLoader
  2018-08-01-15-17 [main] [org.springframework.test.context.support.AbstractContextLoader] [INFO] - Could not detect default resource locations for test class [com.uat.automation.testcase.analytics.workspace.WorkspaceTest]: no resource found for suffixes {-context.xml, Context.groovy}.
  2018-08-01-15-17 [main] [org.springframework.test.context.support.AnnotationConfigContextLoaderUtils] [INFO] - Could not detect default configuration classes for test class [com.uat.automation.testcase.analytics.workspace.WorkspaceTest]: WorkspaceTest does not declare any static, non-private, non-final, nested classes annotated with @Configuration.
  2018-08-01-15-17 [main] [org.springframework.boot.test.context.SpringBootTestContextBootstrapper] [INFO] - Found @SpringBootConfiguration com.uat.automation.AutomationApplication for test class com.uat.automation.testcase.analytics.workspace.WorkspaceTest
  2018-08-01-15-17 [main] [org.springframework.boot.test.context.SpringBootTestContextBootstrapper] [INFO] - Using TestExecutionListeners: [org.springframework.test.context.support.DirtiesContextBeforeModesTestExecutionListener@7fb95505, org.springframework.test.context.support.DependencyInjectionTestExecutionListener@58be6e8, org.springframework.test.context.support.DirtiesContextTestExecutionListener@7331196b]
  2018-08-01-15-17 [main] [com.uat.automation.testcase.analytics.workspace.WorkspaceTest] [INFO] - Starting WorkspaceTest on DESKTOP-94LVFNN with PID 8512 (F:\workspace\automation\target\test-classes started by pc in F:\workspace\automation)
  2018-08-01-15-17 [main] [com.uat.automation.testcase.analytics.workspace.WorkspaceTest] [INFO] - No active profile set, falling back to default profiles: default
  2018-08-01-15-17 [main] [org.springframework.context.annotation.AnnotationConfigApplicationContext] [INFO] - Refreshing org.springframework.context.annotation.AnnotationConfigApplicationContext@5536379e: startup date [Wed Aug 01 15:17:18 CST 2018]; root of context hierarchy
  2018-08-01-15-17 [main] [com.uat.automation.testcase.analytics.workspace.WorkspaceTest] [INFO] - Started WorkspaceTest in 3.15 seconds (JVM running for 8.909)
  2018-08-01-15-17 [main] [com.uat.automation.testcase.TestBase] [INFO] - 初始化浏览器
  2018-08-01-15-17 [main] [com.uat.automation.testcase.TestBase] [INFO] - 启动chrome浏览器
  2018-08-01-15-17 [main] [com.uat.automation.business.LoginBusiness] [INFO] - wangqiang@patsnap.com,welcome to PatSnap
  2018-08-01-15-17 [Thread-2] [org.springframework.context.annotation.AnnotationConfigApplicationContext] [INFO] - Closing org.springframework.context.annotation.AnnotationConfigApplicationContext@5536379e: startup date [Wed Aug 01 15:17:18 CST 2018]; root of context hierarchy
  2018-08-01-15-18 [main] [org.springframework.boot.test.context.SpringBootTestContextBootstrapper] [INFO] - Neither @ContextConfiguration nor @ContextHierarchy found for test class [com.uat.automation.testcase.analytics.workspace.WorkspaceTest], using SpringBootContextLoader
  2018-08-01-15-18 [main] [org.springframework.test.context.support.AbstractContextLoader] [INFO] - Could not detect default resource locations for test class [com.uat.automation.testcase.analytics.workspace.WorkspaceTest]: no resource found for suffixes {-context.xml, Context.groovy}.
  2018-08-01-15-18 [main] [org.springframework.test.context.support.AnnotationConfigContextLoaderUtils] [INFO] - Could not detect default configuration classes for test class [com.uat.automation.testcase.analytics.workspace.WorkspaceTest]: WorkspaceTest does not declare any static, non-private, non-final, nested classes annotated with @Configuration.
  2018-08-01-15-18 [main] [org.springframework.boot.test.context.SpringBootTestContextBootstrapper] [INFO] - Found @SpringBootConfiguration com.uat.automation.AutomationApplication for test class com.uat.automation.testcase.analytics.workspace.WorkspaceTest
  2018-08-01-15-18 [main] [org.springframework.boot.test.context.SpringBootTestContextBootstrapper] [INFO] - Using TestExecutionListeners: [org.springframework.test.context.support.DirtiesContextBeforeModesTestExecutionListener@7fb95505, org.springframework.test.context.support.DependencyInjectionTestExecutionListener@58be6e8, org.springframework.test.context.support.DirtiesContextTestExecutionListener@7331196b]
  2018-08-01-15-18 [main] [com.uat.automation.testcase.analytics.workspace.WorkspaceTest] [INFO] - Starting WorkspaceTest on DESKTOP-94LVFNN with PID 680 (F:\workspace\automation\target\test-classes started by pc in F:\workspace\automation)
  2018-08-01-15-18 [main] [com.uat.automation.testcase.analytics.workspace.WorkspaceTest] [INFO] - No active profile set, falling back to default profiles: default
  2018-08-01-15-18 [main] [org.springframework.context.annotation.AnnotationConfigApplicationContext] [INFO] - Refreshing org.springframework.context.annotation.AnnotationConfigApplicationContext@5536379e: startup date [Wed Aug 01 15:18:29 CST 2018]; root of context hierarchy
  2018-08-01-15-18 [main] [com.uat.automation.testcase.analytics.workspace.WorkspaceTest] [INFO] - Started WorkspaceTest in 2.951 seconds (JVM running for 8.848)
  2018-08-01-15-18 [main] [com.uat.automation.testcase.TestBase] [INFO] - 初始化浏览器
  2018-08-01-15-18 [main] [com.uat.automation.testcase.TestBase] [INFO] - 启动chrome浏览器
  2018-08-01-15-18 [main] [com.uat.automation.business.LoginBusiness] [INFO] - wangqiang@patsnap.com,welcome to PatSnap
  2018-08-01-15-18 [Thread-2] [org.springframework.context.annotation.AnnotationConfigApplicationContext] [INFO] - Closing org.springframework.context.annotation.AnnotationConfigApplicationContext@5536379e: startup date [Wed Aug 01 15:18:29 CST 2018]; root of context hierarchy
  2018-08-01-15-20 [main] [org.springframework.boot.test.context.SpringBootTestContextBootstrapper] [INFO] - Neither @ContextConfiguration nor @ContextHierarchy found for test class [com.uat.automation.testcase.analytics.workspace.WorkspaceTest], using SpringBootContextLoader
  2018-08-01-15-20 [main] [org.springframework.test.context.support.AbstractContextLoader] [INFO] - Could not detect default resource locations for test class [com.uat.automation.testcase.analytics.workspace.WorkspaceTest]: no resource found for suffixes {-context.xml, Context.groovy}.
  2018-08-01-15-20 [main] [org.springframework.test.context.support.AnnotationConfigContextLoaderUtils] [INFO] - Could not detect default configuration classes for test class [com.uat.automation.testcase.analytics.workspace.WorkspaceTest]: WorkspaceTest does not declare any static, non-private, non-final, nested classes annotated with @Configuration.
  2018-08-01-15-20 [main] [org.springframework.boot.test.context.SpringBootTestContextBootstrapper] [INFO] - Found @SpringBootConfiguration com.uat.automation.AutomationApplication for test class com.uat.automation.testcase.analytics.workspace.WorkspaceTest
  2018-08-01-15-20 [main] [org.springframework.boot.test.context.SpringBootTestContextBootstrapper] [INFO] - Using TestExecutionListeners: [org.springframework.test.context.support.DirtiesContextBeforeModesTestExecutionListener@7fb95505, org.springframework.test.context.support.DependencyInjectionTestExecutionListener@58be6e8, org.springframework.test.context.support.DirtiesContextTestExecutionListener@7331196b]
  2018-08-01-15-20 [main] [com.uat.automation.testcase.analytics.workspace.WorkspaceTest] [INFO] - Starting WorkspaceTest on DESKTOP-94LVFNN with PID 5804 (F:\workspace\automation\target\test-classes started by pc in F:\workspace\automation)
  2018-08-01-15-20 [main] [com.uat.automation.testcase.analytics.workspace.WorkspaceTest] [INFO] - No active profile set, falling back to default profiles: default
  2018-08-01-15-20 [main] [org.springframework.context.annotation.AnnotationConfigApplicationContext] [INFO] - Refreshing org.springframework.context.annotation.AnnotationConfigApplicationContext@5536379e: startup date [Wed Aug 01 15:20:27 CST 2018]; root of context hierarchy
  2018-08-01-15-20 [main] [com.uat.automation.testcase.analytics.workspace.WorkspaceTest] [INFO] - Started WorkspaceTest in 3.02 seconds (JVM running for 8.654)
  2018-08-01-15-20 [main] [com.uat.automation.testcase.TestBase] [INFO] - 初始化浏览器
  2018-08-01-15-20 [main] [com.uat.automation.testcase.TestBase] [INFO] - 启动chrome浏览器
  2018-08-01-15-20 [main] [com.uat.automation.business.LoginBusiness] [INFO] - wangqiang@patsnap.com,welcome to PatSnap
  2018-08-01-15-20 [Thread-2] [org.springframework.context.annotation.AnnotationConfigApplicationContext] [INFO] - Closing org.springframework.context.annotation.AnnotationConfigApplicationContext@5536379e: startup date [Wed Aug 01 15:20:27 CST 2018]; root of context hierarchy
  2018-08-01-15-21 [main] [org.springframework.boot.test.context.SpringBootTestContextBootstrapper] [INFO] - Neither @ContextConfiguration nor @ContextHierarchy found for test class [com.uat.automation.testcase.analytics.workspace.WorkspaceTest], using SpringBootContextLoader
  2018-08-01-15-21 [main] [org.springframework.test.context.support.AbstractContextLoader] [INFO] - Could not detect default resource locations for test class [com.uat.automation.testcase.analytics.workspace.WorkspaceTest]: no resource found for suffixes {-context.xml, Context.groovy}.
  2018-08-01-15-21 [main] [org.springframework.test.context.support.AnnotationConfigContextLoaderUtils] [INFO] - Could not detect default configuration classes for test class [com.uat.automation.testcase.analytics.workspace.WorkspaceTest]: WorkspaceTest does not declare any static, non-private, non-final, nested classes annotated with @Configuration.
  2018-08-01-15-21 [main] [org.springframework.boot.test.context.SpringBootTestContextBootstrapper] [INFO] - Found @SpringBootConfiguration com.uat.automation.AutomationApplication for test class com.uat.automation.testcase.analytics.workspace.WorkspaceTest
  2018-08-01-15-21 [main] [org.springframework.boot.test.context.SpringBootTestContextBootstrapper] [INFO] - Using TestExecutionListeners: [org.springframework.test.context.support.DirtiesContextBeforeModesTestExecutionListener@7fb95505, org.springframework.test.context.support.DependencyInjectionTestExecutionListener@58be6e8, org.springframework.test.context.support.DirtiesContextTestExecutionListener@7331196b]
  2018-08-01-15-21 [main] [com.uat.automation.testcase.analytics.workspace.WorkspaceTest] [INFO] - Starting WorkspaceTest on DESKTOP-94LVFNN with PID 8456 (F:\workspace\automation\target\test-classes started by pc in F:\workspace\automation)
  2018-08-01-15-21 [main] [com.uat.automation.testcase.analytics.workspace.WorkspaceTest] [INFO] - No active profile set, falling back to default profiles: default
  2018-08-01-15-21 [main] [org.springframework.context.annotation.AnnotationConfigApplicationContext] [INFO] - Refreshing org.springframework.context.annotation.AnnotationConfigApplicationContext@5536379e: startup date [Wed Aug 01 15:21:26 CST 2018]; root of context hierarchy
  2018-08-01-15-21 [main] [com.uat.automation.testcase.analytics.workspace.WorkspaceTest] [INFO] - Started WorkspaceTest in 3.35 seconds (JVM running for 9.128)
  2018-08-01-15-21 [main] [com.uat.automation.testcase.TestBase] [INFO] - 初始化浏览器
  2018-08-01-15-21 [main] [com.uat.automation.testcase.TestBase] [INFO] - 启动chrome浏览器
  2018-08-01-15-21 [main] [com.uat.automation.business.LoginBusiness] [INFO] - wangqiang@patsnap.com,welcome to PatSnap
  2018-08-01-15-21 [main] [com.uat.automation.business.WorkSpaceBusiness] [INFO] - share to wangqiang@google.com successfully
  2018-08-01-15-21 [Thread-2] [org.springframework.context.annotation.AnnotationConfigApplicationContext] [INFO] - Closing org.springframework.context.annotation.AnnotationConfigApplicationContext@5536379e: startup date [Wed Aug 01 15:21:26 CST 2018]; root of context hierarchy
  